Log file open, 04/19/23 04:54:12
LogWindows: Failed to load 'aqProf.dll' (GetLastError=126)
LogWindows: File 'aqProf.dll' does not exist
LogWindows: Failed to load 'VtuneApi.dll' (GetLastError=126)
LogWindows: File 'VtuneApi.dll' does not exist
LogWindows: Failed to load 'VtuneApi32e.dll' (GetLastError=126)
LogWindows: File 'VtuneApi32e.dll' does not exist
LogConsoleResponse: Display: Failed to find resolution value strings in scalability ini. Falling back to default.
LogConsoleResponse: Display: Failed to find resolution value strings in scalability ini. Falling back to default.
LogInit: Display: Running engine for game: TheLastStruggle
LogPlatformFile: Not using cached read wrapper
LogTaskGraph: Started task graph with 5 named threads and 14 total threads with 3 sets of task threads.
LogStats: Stats thread started at 0.270646
LogICUInternationalization: ICU TimeZone Detection - Raw Offset: +8:00, Platform Override: ''
LogInit: Display: Loading text-based GConfig....
LogPluginManager: Mounting plugin MeshPainting
LogPluginManager: Mounting plugin XGEController
LogPluginManager: Mounting plugin Paper2D
LogPluginManager: Mounting plugin AISupport
LogPluginManager: Mounting plugin EnvironmentQueryEditor
LogPluginManager: Mounting plugin LiveLink
LogPluginManager: Mounting plugin LightPropagationVolume
LogPluginManager: Mounting plugin CameraShakePreviewer
LogPluginManager: Mounting plugin GameplayCameras
LogPluginManager: Mounting plugin OodleData
LogPluginManager: Mounting plugin OodleNetwork
LogPluginManager: Mounting plugin AnimationSharing
LogPluginManager: Mounting plugin CLionSourceCodeAccess
LogPluginManager: Mounting plugin CodeLiteSourceCodeAccess
LogPluginManager: Mounting plugin GitSourceControl
LogPluginManager: Mounting plugin KDevelopSourceCodeAccess
LogPluginManager: Mounting plugin NullSourceCodeAccess
LogPluginManager: Mounting plugin PerforceSourceControl
LogPluginManager: Mounting plugin PixWinPlugin
LogPluginManager: Mounting plugin PlasticSourceControl
LogPluginManager: Mounting plugin PluginUtils
LogPluginManager: Mounting plugin PropertyAccessNode
LogPluginManager: Mounting plugin RiderSourceCodeAccess
LogPluginManager: Mounting plugin SubversionSourceControl
LogPluginManager: Mounting plugin TextureFormatOodle
LogPluginManager: Mounting plugin UObjectPlugin
LogPluginManager: Mounting plugin VisualStudioCodeSourceCodeAccess
LogPluginManager: Mounting plugin VisualStudioSourceCodeAccess
LogPluginManager: Mounting plugin XCodeSourceCodeAccess
LogPluginManager: Mounting plugin AssetManagerEditor
LogPluginManager: Mounting plugin CryptoKeys
LogPluginManager: Mounting plugin CurveEditorTools
LogPluginManager: Mounting plugin DataValidation
LogPluginManager: Mounting plugin FacialAnimation
LogPluginManager: Mounting plugin GameplayTagsEditor
LogPluginManager: Mounting plugin GeometryMode
LogPluginManager: Mounting plugin MacGraphicsSwitching
LogPluginManager: Mounting plugin MaterialAnalyzer
LogPluginManager: Mounting plugin MobileLauncherProfileWizard
LogPluginManager: Mounting plugin PluginBrowser
LogPluginManager: Mounting plugin SpeedTreeImporter
LogPluginManager: Mounting plugin DatasmithContent
LogPluginManager: Mounting plugin VariantManagerContent
LogPluginManager: Mounting plugin Niagara
LogPluginManager: Mounting plugin AlembicImporter
LogPluginManager: Mounting plugin AutomationUtils
LogPluginManager: Mounting plugin BackChannel
LogPluginManager: Mounting plugin ChaosCloth
LogPluginManager: Mounting plugin ChaosClothEditor
LogPluginManager: Mounting plugin ChaosEditor
LogPluginManager: Mounting plugin ChaosNiagara
LogPluginManager: Mounting plugin ChaosSolverPlugin
LogPluginManager: Mounting plugin CharacterAI
LogPluginManager: Mounting plugin GeometryCache
LogPluginManager: Mounting plugin GeometryCollectionPlugin
LogPluginManager: Mounting plugin LuminPlatformFeatures
LogPluginManager: Mounting plugin MagicLeap
LogPluginManager: Mounting plugin MagicLeapLightEstimation
LogPluginManager: Mounting plugin MagicLeapMedia
LogPluginManager: Mounting plugin MagicLeapPassableWorld
LogPluginManager: Mounting plugin MLSDK
LogPluginManager: Mounting plugin GeometryProcessing
LogPluginManager: Mounting plugin MotoSynth
LogPluginManager: Mounting plugin OpenImageDenoise
LogPluginManager: Mounting plugin PlanarCut
LogPluginManager: Mounting plugin PlatformCrypto
LogPluginManager: Mounting plugin ProxyLODPlugin
LogPluginManager: Mounting plugin PythonScriptPlugin
LogPluginManager: Mounting plugin SkeletalReduction
LogPluginManager: Mounting plugin AndroidMedia
LogPluginManager: Mounting plugin AvfMedia
LogPluginManager: Mounting plugin ImgMedia
LogPluginManager: Mounting plugin MediaCompositing
LogPluginManager: Mounting plugin MediaPlayerEditor
LogPluginManager: Mounting plugin WebMMedia
LogPluginManager: Mounting plugin WmfMedia
LogPluginManager: Mounting plugin TcpMessaging
LogPluginManager: Mounting plugin UdpMessaging
LogPluginManager: Mounting plugin ActorSequence
LogPluginManager: Mounting plugin LevelSequenceEditor
LogPluginManager: Mounting plugin MatineeToLevelSequence
LogPluginManager: Mounting plugin TemplateSequence
LogPluginManager: Mounting plugin OnlineSubsystem
LogPluginManager: Mounting plugin OnlineSubsystemNull
LogPluginManager: Mounting plugin OnlineSubsystemUtils
LogPluginManager: Mounting plugin LauncherChunkInstaller
LogPluginManager: Mounting plugin ActorLayerUtilities
LogPluginManager: Mounting plugin AndroidDeviceProfileSelector
LogPluginManager: Mounting plugin AndroidMoviePlayer
LogPluginManager: Mounting plugin AndroidPermission
LogPluginManager: Mounting plugin AppleImageUtils
LogPluginManager: Mounting plugin AppleMoviePlayer
LogPluginManager: Mounting plugin ArchVisCharacter
LogPluginManager: Mounting plugin AssetTags
LogPluginManager: Mounting plugin AudioCapture
LogPluginManager: Mounting plugin AudioSynesthesia
LogPluginManager: Mounting plugin CableComponent
LogPluginManager: Mounting plugin ChunkDownloader
LogPluginManager: Mounting plugin CustomMeshComponent
LogPluginManager: Mounting plugin EditableMesh
LogPluginManager: Mounting plugin ExampleDeviceProfileSelector
LogPluginManager: Mounting plugin GoogleCloudMessaging
LogPluginManager: Mounting plugin GooglePAD
LogPluginManager: Mounting plugin IOSDeviceProfileSelector
LogPluginManager: Mounting plugin LinuxDeviceProfileSelector
LogPluginManager: Mounting plugin LocationServicesBPLibrary
LogPluginManager: Mounting plugin MobilePatchingUtils
LogPluginManager: Mounting plugin ScreenshotTools
LogPluginManager: Mounting plugin OpenXR
LogPluginManager: Mounting plugin OpenXREyeTracker
LogPluginManager: Mounting plugin OpenXRHandTracking
LogPluginManager: Mounting plugin PhysXVehicles
LogPluginManager: Mounting plugin PostSplashScreen
LogPluginManager: Mounting plugin ProceduralMeshComponent
LogPluginManager: Mounting plugin PropertyAccessEditor
LogPluginManager: Mounting plugin RuntimePhysXCooking
LogPluginManager: Mounting plugin SignificanceManager
LogPluginManager: Mounting plugin SoundFields
LogPluginManager: Mounting plugin Synthesis
LogPluginManager: Mounting plugin WebMMoviePlayer
LogPluginManager: Mounting plugin WindowsMoviePlayer
LogPluginManager: Mounting plugin MultiUserTakes
LogPluginManager: Mounting plugin Takes
LogPluginManager: Mounting plugin ConcertMain
LogPluginManager: Mounting plugin MultiUserClient
LogPluginManager: Mounting plugin ContentBrowserAssetDataSource
LogPluginManager: Mounting plugin ContentBrowserClassDataSource
LogPluginManager: Mounting plugin ContentBrowserFileDataSource
LogPluginManager: Mounting plugin OnlineSubsystemGooglePlay
LogPluginManager: Mounting plugin OnlineSubsystemIOS
LogPluginManager: Mounting plugin SQLiteCore
LogPluginManager: Mounting plugin OculusVR
LogPluginManager: Mounting plugin SteamVR
LogPluginManager: Mounting plugin ConcertSyncClient
LogPluginManager: Mounting plugin ConcertSyncCore
PixWinPlugin: PIX capture plugin failed to initialize! Check that the process is launched from PIX.
LogInit: Using libcurl 7.55.1-DEV
LogInit:  - built for x86_64-pc-win32
LogInit:  - supports SSL with OpenSSL/1.1.1
LogInit:  - supports HTTP deflate (compression) using libz 1.2.8
LogInit:  - other features:
LogInit:      CURL_VERSION_SSL
LogInit:      CURL_VERSION_LIBZ
LogInit:      CURL_VERSION_IPV6
LogInit:      CURL_VERSION_ASYNCHDNS
LogInit:      CURL_VERSION_LARGEFILE
LogInit:      CURL_VERSION_IDN
LogInit:  CurlRequestOptions (configurable via config and command line):
LogInit:  - bVerifyPeer = true  - Libcurl will verify peer certificate
LogInit:  - bUseHttpProxy = false  - Libcurl will NOT use HTTP proxy
LogInit:  - bDontReuseConnections = false  - Libcurl will reuse connections
LogInit:  - MaxHostConnections = 16  - Libcurl will limit the number of connections to a host
LogInit:  - LocalHostAddr = Default
LogInit:  - BufferSize = 65536
LogOnline: OSS: Creating online subsystem instance for: NULL
LogInit: WinSock: version 1.1 (2.2), MaxSocks=32767, MaxUdp=65467
LogOnline: OSS: TryLoadSubsystemAndSetDefault: Loaded subsystem for module [NULL]
LogOculusPluginWrapper: OculusPlugin initialized successfully
LogHMD: Failed initializing OVRPlugin 1.59.0
LogInit: Build: ++UE4+Release-4.27-CL-18319896
LogInit: Engine Version: 4.27.2-18319896+++UE4+Release-4.27
LogInit: Compatible Engine Version: 4.27.0-17155196+++UE4+Release-4.27
LogInit: Net CL: 17155196
LogInit: OS: Windows 10 (Release 2009) (), CPU: Intel(R) Core(TM) i5-4570 CPU @ 3.20GHz, GPU: Intel(R) HD Graphics 4600
LogInit: Compiled (64-bit): Nov 30 2021 07:12:08
LogInit: Compiled with Visual C++: 19.24.28315.00
LogInit: Build Configuration: Development
LogInit: Branch Name: ++UE4+Release-4.27
LogInit: Command Line: 
LogInit: Base Directory: E:/UE_4.27/Engine/Binaries/Win64/
LogInit: Allocator: TBB
LogInit: Installed Engine Build: 1
LogDevObjectVersion: Number of dev versions registered: 29
LogDevObjectVersion:   Dev-Blueprints (B0D832E4-1F89-4F0D-ACCF-7EB736FD4AA2): 10
LogDevObjectVersion:   Dev-Build (E1C64328-A22C-4D53-A36C-8E866417BD8C): 0
LogDevObjectVersion:   Dev-Core (375EC13C-06E4-48FB-B500-84F0262A717E): 4
LogDevObjectVersion:   Dev-Editor (E4B068ED-F494-42E9-A231-DA0B2E46BB41): 40
LogDevObjectVersion:   Dev-Framework (CFFC743F-43B0-4480-9391-14DF171D2073): 37
LogDevObjectVersion:   Dev-Mobile (B02B49B5-BB20-44E9-A304-32B752E40360): 3
LogDevObjectVersion:   Dev-Networking (A4E4105C-59A1-49B5-A7C5-40C4547EDFEE): 0
LogDevObjectVersion:   Dev-Online (39C831C9-5AE6-47DC-9A44-9C173E1C8E7C): 0
LogDevObjectVersion:   Dev-Physics (78F01B33-EBEA-4F98-B9B4-84EACCB95AA2): 14
LogDevObjectVersion:   Dev-Platform (6631380F-2D4D-43E0-8009-CF276956A95A): 0
LogDevObjectVersion:   Dev-Rendering (12F88B9F-8875-4AFC-A67C-D90C383ABD29): 45
LogDevObjectVersion:   Dev-Sequencer (7B5AE74C-D270-4C10-A958-57980B212A5A): 13
LogDevObjectVersion:   Dev-VR (D7296918-1DD6-4BDD-9DE2-64A83CC13884): 3
LogDevObjectVersion:   Dev-LoadTimes (C2A15278-BFE7-4AFE-6C17-90FF531DF755): 1
LogDevObjectVersion:   Private-Geometry (6EACA3D4-40EC-4CC1-B786-8BED09428FC5): 3
LogDevObjectVersion:   Dev-AnimPhys (29E575DD-E0A3-4627-9D10-D276232CDCEA): 17
LogDevObjectVersion:   Dev-Anim (AF43A65D-7FD3-4947-9873-3E8ED9C1BB05): 15
LogDevObjectVersion:   Dev-ReflectionCapture (6B266CEC-1EC7-4B8F-A30B-E4D90942FC07): 1
LogDevObjectVersion:   Dev-Automation (0DF73D61-A23F-47EA-B727-89E90C41499A): 1
LogDevObjectVersion:   FortniteMain (601D1886-AC64-4F84-AA16-D3DE0DEAC7D6): 47
LogDevObjectVersion:   FortniteRelease (E7086368-6B23-4C58-8439-1B7016265E91): 1
LogDevObjectVersion:   Dev-Enterprise (9DFFBCD6-494F-0158-E221-12823C92A888): 10
LogDevObjectVersion:   Dev-Niagara (F2AED0AC-9AFE-416F-8664-AA7FFA26D6FC): 1
LogDevObjectVersion:   Dev-Destruction (174F1F0B-B4C6-45A5-B13F-2EE8D0FB917D): 10
LogDevObjectVersion:   Dev-Physics-Ext (35F94A83-E258-406C-A318-09F59610247C): 41
LogDevObjectVersion:   Dev-PhysicsMaterial-Chaos (B68FC16E-8B1B-42E2-B453-215C058844FE): 1
LogDevObjectVersion:   Dev-CineCamera (B2E18506-4273-CFC2-A54E-F4BB758BBA07): 1
LogDevObjectVersion:   Dev-VirtualProduction (64F58936-FD1B-42BA-BA96-7289D5D0FA4E): 1
LogDevObjectVersion:   Dev-MediaFramework (6F0ED827-A609-4895-9C91-998D90180EA4): 2
LogInit: Presizing for max 25165824 objects, including 0 objects not considered by GC, pre-allocating 0 bytes for permanent pool.
LogConfig: Applying CVar settings from Section [/Script/Engine.StreamingSettings] File [D:/Unreal Projects/Saved/Config/Windows/Engine.ini]
LogConfig: Setting CVar [[s.MinBulkDataSizeForAsyncLoading:131072]]
LogConfig: Setting CVar [[s.AsyncLoadingThreadEnabled:0]]
LogConfig: Setting CVar [[s.EventDrivenLoaderEnabled:1]]
LogConfig: Setting CVar [[s.WarnIfTimeLimitExceeded:0]]
LogConfig: Setting CVar [[s.TimeLimitExceededMultiplier:1.5]]
LogConfig: Setting CVar [[s.TimeLimitExceededMinTime:0.005]]
LogConfig: Setting CVar [[s.UseBackgroundLevelStreaming:1]]
LogConfig: Setting CVar [[s.PriorityAsyncLoadingExtraTime:15.0]]
LogConfig: Setting CVar [[s.LevelStreamingActorsUpdateTimeLimit:5.0]]
LogConfig: Setting CVar [[s.PriorityLevelStreamingActorsUpdateExtraTime:5.0]]
LogConfig: Setting CVar [[s.LevelStreamingComponentsRegistrationGranularity:10]]
LogConfig: Setting CVar [[s.UnregisterComponentsTimeLimit:1.0]]
LogConfig: Setting CVar [[s.LevelStreamingComponentsUnregistrationGranularity:5]]
LogConfig: Setting CVar [[s.FlushStreamingOnExit:1]]
LogInit: Object subsystem initialized
LogConfig: Setting CVar [[con.DebugEarlyDefault:1]]
LogConfig: Setting CVar [[r.setres:1280x720]]
[2023.04.18-20.54.13:103][  0]LogConfig: Setting CVar [[r.VSync:0]]
[2023.04.18-20.54.13:103][  0]LogConfig: Setting CVar [[r.RHICmdBypass:0]]
[2023.04.18-20.54.13:103][  0]LogConfig: Applying CVar settings from Section [/Script/Engine.RendererSettings] File [D:/Unreal Projects/Saved/Config/Windows/Engine.ini]
[2023.04.18-20.54.13:103][  0]LogConfig: Setting CVar [[r.GPUCrashDebugging:0]]
[2023.04.18-20.54.13:103][  0]LogConfig: Setting CVar [[r.DefaultFeature.AutoExposure:0]]
[2023.04.18-20.54.13:103][  0]LogConfig: Setting CVar [[r.SSGI.Enable:0]]
[2023.04.18-20.54.13:103][  0]LogConfig: Setting CVar [[r.DefaultFeature.AntiAliasing:1]]
[2023.04.18-20.54.13:103][  0]LogConfig: Setting CVar [[r.DefaultFeature.MotionBlur:0]]
[2023.04.18-20.54.13:103][  0]LogConfig: Applying CVar settings from Section [/Script/Engine.RendererOverrideSettings] File [D:/Unreal Projects/Saved/Config/Windows/Engine.ini]
[2023.04.18-20.54.13:103][  0]LogConfig: Applying CVar settings from Section [/Script/Engine.StreamingSettings] File [D:/Unreal Projects/Saved/Config/Windows/Engine.ini]
[2023.04.18-20.54.13:103][  0]LogConfig: Setting CVar [[s.MinBulkDataSizeForAsyncLoading:131072]]
[2023.04.18-20.54.13:103][  0]LogConfig: Setting CVar [[s.AsyncLoadingThreadEnabled:0]]
[2023.04.18-20.54.13:103][  0]LogConfig: Setting CVar [[s.EventDrivenLoaderEnabled:1]]
[2023.04.18-20.54.13:103][  0]LogConfig: Setting CVar [[s.WarnIfTimeLimitExceeded:0]]
[2023.04.18-20.54.13:103][  0]LogConfig: Setting CVar [[s.TimeLimitExceededMultiplier:1.5]]
[2023.04.18-20.54.13:103][  0]LogConfig: Setting CVar [[s.TimeLimitExceededMinTime:0.005]]
[2023.04.18-20.54.13:103][  0]LogConfig: Setting CVar [[s.UseBackgroundLevelStreaming:1]]
[2023.04.18-20.54.13:103][  0]LogConfig: Setting CVar [[s.PriorityAsyncLoadingExtraTime:15.0]]
[2023.04.18-20.54.13:103][  0]LogConfig: Setting CVar [[s.LevelStreamingActorsUpdateTimeLimit:5.0]]
[2023.04.18-20.54.13:103][  0]LogConfig: Setting CVar [[s.PriorityLevelStreamingActorsUpdateExtraTime:5.0]]
[2023.04.18-20.54.13:103][  0]LogConfig: Setting CVar [[s.LevelStreamingComponentsRegistrationGranularity:10]]
[2023.04.18-20.54.13:103][  0]LogConfig: Setting CVar [[s.UnregisterComponentsTimeLimit:1.0]]
[2023.04.18-20.54.13:103][  0]LogConfig: Setting CVar [[s.LevelStreamingComponentsUnregistrationGranularity:5]]
[2023.04.18-20.54.13:103][  0]LogConfig: Setting CVar [[s.FlushStreamingOnExit:1]]
[2023.04.18-20.54.13:103][  0]LogConfig: Applying CVar settings from Section [/Script/Engine.GarbageCollectionSettings] File [D:/Unreal Projects/Saved/Config/Windows/Engine.ini]
[2023.04.18-20.54.13:103][  0]LogConfig: Setting CVar [[gc.MaxObjectsNotConsideredByGC:1]]
[2023.04.18-20.54.13:103][  0]LogConfig: Setting CVar [[gc.SizeOfPermanentObjectPool:0]]
[2023.04.18-20.54.13:103][  0]LogConfig: Setting CVar [[gc.FlushStreamingOnGC:0]]
[2023.04.18-20.54.13:103][  0]LogConfig: Setting CVar [[gc.NumRetriesBeforeForcingGC:10]]
[2023.04.18-20.54.13:103][  0]LogConfig: Setting CVar [[gc.AllowParallelGC:1]]
[2023.04.18-20.54.13:103][  0]LogConfig: Setting CVar [[gc.TimeBetweenPurgingPendingKillObjects:61.1]]
[2023.04.18-20.54.13:103][  0]LogConfig: Setting CVar [[gc.MaxObjectsInEditor:25165824]]
[2023.04.18-20.54.13:103][  0]LogConfig: Setting CVar [[gc.IncrementalBeginDestroyEnabled:1]]
[2023.04.18-20.54.13:103][  0]LogConfig: Setting CVar [[gc.CreateGCClusters:1]]
[2023.04.18-20.54.13:103][  0]LogConfig: Setting CVar [[gc.MinGCClusterSize:5]]
[2023.04.18-20.54.13:103][  0]LogConfig: Setting CVar [[gc.ActorClusteringEnabled:0]]
[2023.04.18-20.54.13:103][  0]LogConfig: Setting CVar [[gc.BlueprintClusteringEnabled:0]]
[2023.04.18-20.54.13:103][  0]LogConfig: Setting CVar [[gc.UseDisregardForGCOnDedicatedServers:0]]
[2023.04.18-20.54.13:103][  0]LogConfig: Setting CVar [[gc.MultithreadedDestructionEnabled:1]]
[2023.04.18-20.54.13:103][  0]LogConfig: Applying CVar settings from Section [/Script/Engine.NetworkSettings] File [D:/Unreal Projects/Saved/Config/Windows/Engine.ini]
[2023.04.18-20.54.13:103][  0]LogConfig: Applying CVar settings from Section [/Script/UnrealEd.CookerSettings] File [D:/Unreal Projects/Saved/Config/Windows/Engine.ini]
[2023.04.18-20.54.13:104][  0]LogConfig: Applying CVar settings from Section [ViewDistanceQuality@3] File [D:/Unreal Projects/Saved/Config/Windows/Scalability.ini]
[2023.04.18-20.54.13:104][  0]LogConfig: Setting CVar [[r.SkeletalMeshLODBias:0]]
[2023.04.18-20.54.13:104][  0]LogConfig: Setting CVar [[r.ViewDistanceScale:1.0]]
[2023.04.18-20.54.13:104][  0]LogConfig: Applying CVar settings from Section [AntiAliasingQuality@3] File [D:/Unreal Projects/Saved/Config/Windows/Scalability.ini]
[2023.04.18-20.54.13:104][  0]LogConfig: Setting CVar [[r.PostProcessAAQuality:4]]
[2023.04.18-20.54.13:104][  0]LogConfig: Applying CVar settings from Section [ShadowQuality@3] File [D:/Unreal Projects/Saved/Config/Windows/Scalability.ini]
[2023.04.18-20.54.13:104][  0]LogConfig: Setting CVar [[r.LightFunctionQuality:1]]
[2023.04.18-20.54.13:104][  0]LogConfig: Setting CVar [[r.ShadowQuality:5]]
[2023.04.18-20.54.13:104][  0]LogConfig: Setting CVar [[r.Shadow.CSM.MaxCascades:10]]
[2023.04.18-20.54.13:104][  0]LogConfig: Setting CVar [[r.Shadow.MaxResolution:2048]]
[2023.04.18-20.54.13:104][  0]LogConfig: Setting CVar [[r.Shadow.MaxCSMResolution:2048]]
[2023.04.18-20.54.13:104][  0]LogConfig: Setting CVar [[r.Shadow.RadiusThreshold:0.01]]
[2023.04.18-20.54.13:104][  0]LogConfig: Setting CVar [[r.Shadow.DistanceScale:1.0]]
[2023.04.18-20.54.13:104][  0]LogConfig: Setting CVar [[r.Shadow.CSM.TransitionScale:1.0]]
[2023.04.18-20.54.13:104][  0]LogConfig: Setting CVar [[r.Shadow.PreShadowResolutionFactor:1.0]]
[2023.04.18-20.54.13:104][  0]LogConfig: Setting CVar [[r.DistanceFieldShadowing:1]]
[2023.04.18-20.54.13:104][  0]LogConfig: Setting CVar [[r.DistanceFieldAO:1]]
[2023.04.18-20.54.13:104][  0]LogConfig: Setting CVar [[r.AOQuality:2]]
[2023.04.18-20.54.13:104][  0]LogConfig: Setting CVar [[r.VolumetricFog:1]]
[2023.04.18-20.54.13:104][  0]LogConfig: Setting CVar [[r.VolumetricFog.GridPixelSize:8]]
[2023.04.18-20.54.13:104][  0]LogConfig: Setting CVar [[r.VolumetricFog.GridSizeZ:128]]
[2023.04.18-20.54.13:104][  0]LogConfig: Setting CVar [[r.VolumetricFog.HistoryMissSupersampleCount:4]]
[2023.04.18-20.54.13:105][  0]LogConfig: Setting CVar [[r.LightMaxDrawDistanceScale:1]]
[2023.04.18-20.54.13:105][  0]LogConfig: Setting CVar [[r.CapsuleShadows:1]]
[2023.04.18-20.54.13:105][  0]LogConfig: Applying CVar settings from Section [PostProcessQuality@3] File [D:/Unreal Projects/Saved/Config/Windows/Scalability.ini]
[2023.04.18-20.54.13:105][  0]LogConfig: Setting CVar [[r.MotionBlurQuality:4]]
[2023.04.18-20.54.13:105][  0]LogConfig: Setting CVar [[r.AmbientOcclusionMipLevelFactor:0.4]]
[2023.04.18-20.54.13:105][  0]LogConfig: Setting CVar [[r.AmbientOcclusionMaxQuality:100]]
[2023.04.18-20.54.13:105][  0]LogConfig: Setting CVar [[r.AmbientOcclusionLevels:-1]]
[2023.04.18-20.54.13:105][  0]LogConfig: Setting CVar [[r.AmbientOcclusionRadiusScale:1.0]]
[2023.04.18-20.54.13:105][  0]LogConfig: Setting CVar [[r.DepthOfFieldQuality:2]]
[2023.04.18-20.54.13:105][  0]LogConfig: Setting CVar [[r.RenderTargetPoolMin:400]]
[2023.04.18-20.54.13:105][  0]LogConfig: Setting CVar [[r.LensFlareQuality:2]]
[2023.04.18-20.54.13:105][  0]LogConfig: Setting CVar [[r.SceneColorFringeQuality:1]]
[2023.04.18-20.54.13:105][  0]LogConfig: Setting CVar [[r.EyeAdaptationQuality:2]]
[2023.04.18-20.54.13:105][  0]LogConfig: Setting CVar [[r.BloomQuality:5]]
[2023.04.18-20.54.13:105][  0]LogConfig: Setting CVar [[r.FastBlurThreshold:100]]
[2023.04.18-20.54.13:105][  0]LogConfig: Setting CVar [[r.Upscale.Quality:3]]
[2023.04.18-20.54.13:105][  0]LogConfig: Setting CVar [[r.Tonemapper.GrainQuantization:1]]
[2023.04.18-20.54.13:105][  0]LogConfig: Setting CVar [[r.LightShaftQuality:1]]
[2023.04.18-20.54.13:105][  0]LogConfig: Setting CVar [[r.Filter.SizeScale:1]]
[2023.04.18-20.54.13:105][  0]LogConfig: Setting CVar [[r.Tonemapper.Quality:5]]
[2023.04.18-20.54.13:105][  0]LogConfig: Setting CVar [[r.DOF.Gather.AccumulatorQuality:1        ; higher gathering accumulator quality]]
[2023.04.18-20.54.13:105][  0]LogConfig: Setting CVar [[r.DOF.Gather.PostfilterMethod:1          ; Median3x3 postfilering method]]
[2023.04.18-20.54.13:105][  0]LogConfig: Setting CVar [[r.DOF.Gather.EnableBokehSettings:0       ; no bokeh simulation when gathering]]
[2023.04.18-20.54.13:105][  0]LogConfig: Setting CVar [[r.DOF.Gather.RingCount:4                 ; medium number of samples when gathering]]
[2023.04.18-20.54.13:105][  0]LogConfig: Setting CVar [[r.DOF.Scatter.ForegroundCompositing:1    ; additive foreground scattering]]
[2023.04.18-20.54.13:105][  0]LogConfig: Setting CVar [[r.DOF.Scatter.BackgroundCompositing:2    ; additive background scattering]]
[2023.04.18-20.54.13:105][  0]LogConfig: Setting CVar [[r.DOF.Scatter.EnableBokehSettings:1      ; bokeh simulation when scattering]]
[2023.04.18-20.54.13:105][  0]LogConfig: Setting CVar [[r.DOF.Scatter.MaxSpriteRatio:0.1         ; only a maximum of 10% of scattered bokeh]]
[2023.04.18-20.54.13:105][  0]LogConfig: Setting CVar [[r.DOF.Recombine.Quality:1                ; cheap slight out of focus]]
[2023.04.18-20.54.13:105][  0]LogConfig: Setting CVar [[r.DOF.Recombine.EnableBokehSettings:0    ; no bokeh simulation on slight out of focus]]
[2023.04.18-20.54.13:105][  0]LogConfig: Setting CVar [[r.DOF.TemporalAAQuality:1                ; more stable temporal accumulation]]
[2023.04.18-20.54.13:105][  0]LogConfig: Setting CVar [[r.DOF.Kernel.MaxForegroundRadius:0.025]]
[2023.04.18-20.54.13:105][  0]LogConfig: Setting CVar [[r.DOF.Kernel.MaxBackgroundRadius:0.025]]
[2023.04.18-20.54.13:105][  0]LogConfig: Applying CVar settings from Section [TextureQuality@3] File [D:/Unreal Projects/Saved/Config/Windows/Scalability.ini]
[2023.04.18-20.54.13:105][  0]LogConfig: Setting CVar [[r.Streaming.MipBias:0]]
[2023.04.18-20.54.13:105][  0]LogConfig: Setting CVar [[r.Streaming.AmortizeCPUToGPUCopy:0]]
[2023.04.18-20.54.13:105][  0]LogConfig: Setting CVar [[r.Streaming.MaxNumTexturesToStreamPerFrame:0]]
[2023.04.18-20.54.13:105][  0]LogConfig: Setting CVar [[r.Streaming.Boost:1]]
[2023.04.18-20.54.13:105][  0]LogConfig: Setting CVar [[r.MaxAnisotropy:8]]
[2023.04.18-20.54.13:105][  0]LogConfig: Setting CVar [[r.VT.MaxAnisotropy:8]]
[2023.04.18-20.54.13:105][  0]LogConfig: Setting CVar [[r.Streaming.LimitPoolSizeToVRAM:0]]
[2023.04.18-20.54.13:105][  0]LogConfig: Setting CVar [[r.Streaming.PoolSize:1000]]
[2023.04.18-20.54.13:105][  0]LogConfig: Setting CVar [[r.Streaming.MaxEffectiveScreenSize:0]]
[2023.04.18-20.54.13:105][  0]LogConfig: Applying CVar settings from Section [EffectsQuality@3] File [D:/Unreal Projects/Saved/Config/Windows/Scalability.ini]
[2023.04.18-20.54.13:105][  0]LogConfig: Setting CVar [[r.TranslucencyLightingVolumeDim:64]]
[2023.04.18-20.54.13:105][  0]LogConfig: Setting CVar [[r.RefractionQuality:2]]
[2023.04.18-20.54.13:105][  0]LogConfig: Setting CVar [[r.SSR.Quality:3]]
[2023.04.18-20.54.13:105][  0]LogConfig: Setting CVar [[r.SSR.HalfResSceneColor:0]]
[2023.04.18-20.54.13:105][  0]LogConfig: Setting CVar [[r.SceneColorFormat:4]]
[2023.04.18-20.54.13:105][  0]LogConfig: Setting CVar [[r.DetailMode:2]]
[2023.04.18-20.54.13:105][  0]LogConfig: Setting CVar [[r.TranslucencyVolumeBlur:1]]
[2023.04.18-20.54.13:105][  0]LogConfig: Setting CVar [[r.MaterialQualityLevel:1 ; High quality]]
[2023.04.18-20.54.13:105][  0]LogConfig: Setting CVar [[r.AnisotropicMaterials:1]]
[2023.04.18-20.54.13:105][  0]LogConfig: Setting CVar [[r.SSS.Scale:1]]
[2023.04.18-20.54.13:105][  0]LogConfig: Setting CVar [[r.SSS.SampleSet:2]]
[2023.04.18-20.54.13:105][  0]LogConfig: Setting CVar [[r.SSS.Quality:1]]
[2023.04.18-20.54.13:105][  0]LogConfig: Setting CVar [[r.SSS.HalfRes:0]]
[2023.04.18-20.54.13:105][  0]LogConfig: Setting CVar [[r.SSGI.Quality:3]]
[2023.04.18-20.54.13:105][  0]LogConfig: Setting CVar [[r.EmitterSpawnRateScale:1.0]]
[2023.04.18-20.54.13:105][  0]LogConfig: Setting CVar [[r.ParticleLightQuality:2]]
[2023.04.18-20.54.13:105][  0]LogConfig: Setting CVar [[r.SkyAtmosphere.AerialPerspectiveLUT.FastApplyOnOpaque:1 ; Always have FastSkyLUT 1 in this case to avoid wrong sky]]
[2023.04.18-20.54.13:105][  0]LogConfig: Setting CVar [[r.SkyAtmosphere.AerialPerspectiveLUT.SampleCountMaxPerSlice:4]]
[2023.04.18-20.54.13:105][  0]LogConfig: Setting CVar [[r.SkyAtmosphere.AerialPerspectiveLUT.DepthResolution:16.0]]
[2023.04.18-20.54.13:105][  0]LogConfig: Setting CVar [[r.SkyAtmosphere.FastSkyLUT:1]]
[2023.04.18-20.54.13:105][  0]LogConfig: Setting CVar [[r.SkyAtmosphere.FastSkyLUT.SampleCountMin:4.0]]
[2023.04.18-20.54.13:105][  0]LogConfig: Setting CVar [[r.SkyAtmosphere.FastSkyLUT.SampleCountMax:128.0]]
[2023.04.18-20.54.13:105][  0]LogConfig: Setting CVar [[r.SkyAtmosphere.SampleCountMin:4.0]]
[2023.04.18-20.54.13:105][  0]LogConfig: Setting CVar [[r.SkyAtmosphere.SampleCountMax:128.0]]
[2023.04.18-20.54.13:105][  0]LogConfig: Setting CVar [[r.SkyAtmosphere.TransmittanceLUT.UseSmallFormat:0]]
[2023.04.18-20.54.13:105][  0]LogConfig: Setting CVar [[r.SkyAtmosphere.TransmittanceLUT.SampleCount:10.0]]
[2023.04.18-20.54.13:105][  0]LogConfig: Setting CVar [[r.SkyAtmosphere.MultiScatteringLUT.SampleCount:15.0]]
[2023.04.18-20.54.13:105][  0]LogConfig: Setting CVar [[r.SkyLight.RealTimeReflectionCapture:1]]
[2023.04.18-20.54.13:105][  0]LogConfig: Applying CVar settings from Section [FoliageQuality@3] File [D:/Unreal Projects/Saved/Config/Windows/Scalability.ini]
[2023.04.18-20.54.13:105][  0]LogConfig: Setting CVar [[foliage.DensityScale:1.0]]
[2023.04.18-20.54.13:105][  0]LogConfig: Setting CVar [[grass.DensityScale:1.0]]
[2023.04.18-20.54.13:105][  0]LogConfig: Applying CVar settings from Section [ShadingQuality@3] File [D:/Unreal Projects/Saved/Config/Windows/Scalability.ini]
[2023.04.18-20.54.13:105][  0]LogConfig: Setting CVar [[r.HairStrands.SkyLighting.IntegrationType:2]]
[2023.04.18-20.54.13:105][  0]LogConfig: Setting CVar [[r.HairStrands.SkyAO.SampleCount:4]]
[2023.04.18-20.54.13:105][  0]LogConfig: Setting CVar [[r.HairStrands.Visibility.MSAA.SamplePerPixel:4]]
[2023.04.18-20.54.13:106][  0]LogInit: Selected Device Profile: [Windows]
[2023.04.18-20.54.13:106][  0]LogInit: Applying CVar settings loaded from the selected device profile: [Windows]
[2023.04.18-20.54.13:106][  0]LogHAL: Display: Platform has ~ 32 GB [34143199232 / 34359738368 / 32], which maps to Largest [LargestMinGB=32, LargerMinGB=12, DefaultMinGB=8, SmallerMinGB=6, SmallestMinGB=0)
[2023.04.18-20.54.13:106][  0]LogInit: Going up to parent DeviceProfile []
[2023.04.18-20.54.13:106][  0]LogConfig: Applying CVar settings from Section [ViewDistanceQuality@3] File [D:/Unreal Projects/Saved/Config/Windows/Scalability.ini]
[2023.04.18-20.54.13:106][  0]LogConfig: Setting CVar [[r.SkeletalMeshLODBias:0]]
[2023.04.18-20.54.13:106][  0]LogConfig: Setting CVar [[r.ViewDistanceScale:1.0]]
[2023.04.18-20.54.13:106][  0]LogConfig: Applying CVar settings from Section [AntiAliasingQuality@3] File [D:/Unreal Projects/Saved/Config/Windows/Scalability.ini]
[2023.04.18-20.54.13:106][  0]LogConfig: Setting CVar [[r.PostProcessAAQuality:4]]
[2023.04.18-20.54.13:106][  0]LogConfig: Applying CVar settings from Section [ShadowQuality@3] File [D:/Unreal Projects/Saved/Config/Windows/Scalability.ini]
[2023.04.18-20.54.13:106][  0]LogConfig: Setting CVar [[r.LightFunctionQuality:1]]
[2023.04.18-20.54.13:106][  0]LogConfig: Setting CVar [[r.ShadowQuality:5]]
[2023.04.18-20.54.13:106][  0]LogConfig: Setting CVar [[r.Shadow.CSM.MaxCascades:10]]
[2023.04.18-20.54.13:106][  0]LogConfig: Setting CVar [[r.Shadow.MaxResolution:2048]]
[2023.04.18-20.54.13:106][  0]LogConfig: Setting CVar [[r.Shadow.MaxCSMResolution:2048]]
[2023.04.18-20.54.13:106][  0]LogConfig: Setting CVar [[r.Shadow.RadiusThreshold:0.01]]
[2023.04.18-20.54.13:106][  0]LogConfig: Setting CVar [[r.Shadow.DistanceScale:1.0]]
[2023.04.18-20.54.13:106][  0]LogConfig: Setting CVar [[r.Shadow.CSM.TransitionScale:1.0]]
[2023.04.18-20.54.13:106][  0]LogConfig: Setting CVar [[r.Shadow.PreShadowResolutionFactor:1.0]]
[2023.04.18-20.54.13:106][  0]LogConfig: Setting CVar [[r.DistanceFieldShadowing:1]]
[2023.04.18-20.54.13:106][  0]LogConfig: Setting CVar [[r.DistanceFieldAO:1]]
[2023.04.18-20.54.13:106][  0]LogConfig: Setting CVar [[r.AOQuality:2]]
[2023.04.18-20.54.13:106][  0]LogConfig: Setting CVar [[r.VolumetricFog:1]]
[2023.04.18-20.54.13:106][  0]LogConfig: Setting CVar [[r.VolumetricFog.GridPixelSize:8]]
[2023.04.18-20.54.13:106][  0]LogConfig: Setting CVar [[r.VolumetricFog.GridSizeZ:128]]
[2023.04.18-20.54.13:106][  0]LogConfig: Setting CVar [[r.VolumetricFog.HistoryMissSupersampleCount:4]]
[2023.04.18-20.54.13:106][  0]LogConfig: Setting CVar [[r.LightMaxDrawDistanceScale:1]]
[2023.04.18-20.54.13:106][  0]LogConfig: Setting CVar [[r.CapsuleShadows:1]]
[2023.04.18-20.54.13:106][  0]LogConfig: Applying CVar settings from Section [PostProcessQuality@3] File [D:/Unreal Projects/Saved/Config/Windows/Scalability.ini]
[2023.04.18-20.54.13:106][  0]LogConfig: Setting CVar [[r.MotionBlurQuality:4]]
[2023.04.18-20.54.13:106][  0]LogConfig: Setting CVar [[r.AmbientOcclusionMipLevelFactor:0.4]]
[2023.04.18-20.54.13:106][  0]LogConfig: Setting CVar [[r.AmbientOcclusionMaxQuality:100]]
[2023.04.18-20.54.13:106][  0]LogConfig: Setting CVar [[r.AmbientOcclusionLevels:-1]]
[2023.04.18-20.54.13:106][  0]LogConfig: Setting CVar [[r.AmbientOcclusionRadiusScale:1.0]]
[2023.04.18-20.54.13:106][  0]LogConfig: Setting CVar [[r.DepthOfFieldQuality:2]]
[2023.04.18-20.54.13:106][  0]LogConfig: Setting CVar [[r.RenderTargetPoolMin:400]]
[2023.04.18-20.54.13:106][  0]LogConfig: Setting CVar [[r.LensFlareQuality:2]]
[2023.04.18-20.54.13:106][  0]LogConfig: Setting CVar [[r.SceneColorFringeQuality:1]]
[2023.04.18-20.54.13:106][  0]LogConfig: Setting CVar [[r.EyeAdaptationQuality:2]]
[2023.04.18-20.54.13:106][  0]LogConfig: Setting CVar [[r.BloomQuality:5]]
[2023.04.18-20.54.13:106][  0]LogConfig: Setting CVar [[r.FastBlurThreshold:100]]
[2023.04.18-20.54.13:106][  0]LogConfig: Setting CVar [[r.Upscale.Quality:3]]
[2023.04.18-20.54.13:106][  0]LogConfig: Setting CVar [[r.Tonemapper.GrainQuantization:1]]
[2023.04.18-20.54.13:106][  0]LogConfig: Setting CVar [[r.LightShaftQuality:1]]
[2023.04.18-20.54.13:106][  0]LogConfig: Setting CVar [[r.Filter.SizeScale:1]]
[2023.04.18-20.54.13:106][  0]LogConfig: Setting CVar [[r.Tonemapper.Quality:5]]
[2023.04.18-20.54.13:106][  0]LogConfig: Setting CVar [[r.DOF.Gather.AccumulatorQuality:1        ; higher gathering accumulator quality]]
[2023.04.18-20.54.13:106][  0]LogConfig: Setting CVar [[r.DOF.Gather.PostfilterMethod:1          ; Median3x3 postfilering method]]
[2023.04.18-20.54.13:106][  0]LogConfig: Setting CVar [[r.DOF.Gather.EnableBokehSettings:0       ; no bokeh simulation when gathering]]
[2023.04.18-20.54.13:106][  0]LogConfig: Setting CVar [[r.DOF.Gather.RingCount:4                 ; medium number of samples when gathering]]
[2023.04.18-20.54.13:106][  0]LogConfig: Setting CVar [[r.DOF.Scatter.ForegroundCompositing:1    ; additive foreground scattering]]
[2023.04.18-20.54.13:106][  0]LogConfig: Setting CVar [[r.DOF.Scatter.BackgroundCompositing:2    ; additive background scattering]]
[2023.04.18-20.54.13:106][  0]LogConfig: Setting CVar [[r.DOF.Scatter.EnableBokehSettings:1      ; bokeh simulation when scattering]]
[2023.04.18-20.54.13:106][  0]LogConfig: Setting CVar [[r.DOF.Scatter.MaxSpriteRatio:0.1         ; only a maximum of 10% of scattered bokeh]]
[2023.04.18-20.54.13:106][  0]LogConfig: Setting CVar [[r.DOF.Recombine.Quality:1                ; cheap slight out of focus]]
[2023.04.18-20.54.13:106][  0]LogConfig: Setting CVar [[r.DOF.Recombine.EnableBokehSettings:0    ; no bokeh simulation on slight out of focus]]
[2023.04.18-20.54.13:106][  0]LogConfig: Setting CVar [[r.DOF.TemporalAAQuality:1                ; more stable temporal accumulation]]
[2023.04.18-20.54.13:106][  0]LogConfig: Setting CVar [[r.DOF.Kernel.MaxForegroundRadius:0.025]]
[2023.04.18-20.54.13:106][  0]LogConfig: Setting CVar [[r.DOF.Kernel.MaxBackgroundRadius:0.025]]
[2023.04.18-20.54.13:106][  0]LogConfig: Applying CVar settings from Section [TextureQuality@3] File [D:/Unreal Projects/Saved/Config/Windows/Scalability.ini]
[2023.04.18-20.54.13:106][  0]LogConfig: Setting CVar [[r.Streaming.MipBias:0]]
[2023.04.18-20.54.13:106][  0]LogConfig: Setting CVar [[r.Streaming.AmortizeCPUToGPUCopy:0]]
[2023.04.18-20.54.13:106][  0]LogConfig: Setting CVar [[r.Streaming.MaxNumTexturesToStreamPerFrame:0]]
[2023.04.18-20.54.13:106][  0]LogConfig: Setting CVar [[r.Streaming.Boost:1]]
[2023.04.18-20.54.13:106][  0]LogConfig: Setting CVar [[r.MaxAnisotropy:8]]
[2023.04.18-20.54.13:106][  0]LogConfig: Setting CVar [[r.VT.MaxAnisotropy:8]]
[2023.04.18-20.54.13:106][  0]LogConfig: Setting CVar [[r.Streaming.LimitPoolSizeToVRAM:0]]
[2023.04.18-20.54.13:106][  0]LogConfig: Setting CVar [[r.Streaming.PoolSize:1000]]
[2023.04.18-20.54.13:106][  0]LogConfig: Setting CVar [[r.Streaming.MaxEffectiveScreenSize:0]]
[2023.04.18-20.54.13:106][  0]LogConfig: Applying CVar settings from Section [EffectsQuality@3] File [D:/Unreal Projects/Saved/Config/Windows/Scalability.ini]
[2023.04.18-20.54.13:106][  0]LogConfig: Setting CVar [[r.TranslucencyLightingVolumeDim:64]]
[2023.04.18-20.54.13:106][  0]LogConfig: Setting CVar [[r.RefractionQuality:2]]
[2023.04.18-20.54.13:106][  0]LogConfig: Setting CVar [[r.SSR.Quality:3]]
[2023.04.18-20.54.13:106][  0]LogConfig: Setting CVar [[r.SSR.HalfResSceneColor:0]]
[2023.04.18-20.54.13:106][  0]LogConfig: Setting CVar [[r.SceneColorFormat:4]]
[2023.04.18-20.54.13:106][  0]LogConfig: Setting CVar [[r.DetailMode:2]]
[2023.04.18-20.54.13:107][  0]LogConfig: Setting CVar [[r.TranslucencyVolumeBlur:1]]
[2023.04.18-20.54.13:107][  0]LogConfig: Setting CVar [[r.MaterialQualityLevel:1 ; High quality]]
[2023.04.18-20.54.13:107][  0]LogConfig: Setting CVar [[r.AnisotropicMaterials:1]]
[2023.04.18-20.54.13:107][  0]LogConfig: Setting CVar [[r.SSS.Scale:1]]
[2023.04.18-20.54.13:107][  0]LogConfig: Setting CVar [[r.SSS.SampleSet:2]]
[2023.04.18-20.54.13:107][  0]LogConfig: Setting CVar [[r.SSS.Quality:1]]
[2023.04.18-20.54.13:107][  0]LogConfig: Setting CVar [[r.SSS.HalfRes:0]]
[2023.04.18-20.54.13:107][  0]LogConfig: Setting CVar [[r.SSGI.Quality:3]]
[2023.04.18-20.54.13:107][  0]LogConfig: Setting CVar [[r.EmitterSpawnRateScale:1.0]]
[2023.04.18-20.54.13:107][  0]LogConfig: Setting CVar [[r.ParticleLightQuality:2]]
[2023.04.18-20.54.13:107][  0]LogConfig: Setting CVar [[r.SkyAtmosphere.AerialPerspectiveLUT.FastApplyOnOpaque:1 ; Always have FastSkyLUT 1 in this case to avoid wrong sky]]
[2023.04.18-20.54.13:107][  0]LogConfig: Setting CVar [[r.SkyAtmosphere.AerialPerspectiveLUT.SampleCountMaxPerSlice:4]]
[2023.04.18-20.54.13:107][  0]LogConfig: Setting CVar [[r.SkyAtmosphere.AerialPerspectiveLUT.DepthResolution:16.0]]
[2023.04.18-20.54.13:107][  0]LogConfig: Setting CVar [[r.SkyAtmosphere.FastSkyLUT:1]]
[2023.04.18-20.54.13:107][  0]LogConfig: Setting CVar [[r.SkyAtmosphere.FastSkyLUT.SampleCountMin:4.0]]
[2023.04.18-20.54.13:107][  0]LogConfig: Setting CVar [[r.SkyAtmosphere.FastSkyLUT.SampleCountMax:128.0]]
[2023.04.18-20.54.13:107][  0]LogConfig: Setting CVar [[r.SkyAtmosphere.SampleCountMin:4.0]]
[2023.04.18-20.54.13:107][  0]LogConfig: Setting CVar [[r.SkyAtmosphere.SampleCountMax:128.0]]
[2023.04.18-20.54.13:107][  0]LogConfig: Setting CVar [[r.SkyAtmosphere.TransmittanceLUT.UseSmallFormat:0]]
[2023.04.18-20.54.13:107][  0]LogConfig: Setting CVar [[r.SkyAtmosphere.TransmittanceLUT.SampleCount:10.0]]
[2023.04.18-20.54.13:107][  0]LogConfig: Setting CVar [[r.SkyAtmosphere.MultiScatteringLUT.SampleCount:15.0]]
[2023.04.18-20.54.13:107][  0]LogConfig: Setting CVar [[r.SkyLight.RealTimeReflectionCapture:1]]
[2023.04.18-20.54.13:107][  0]LogConfig: Applying CVar settings from Section [FoliageQuality@3] File [D:/Unreal Projects/Saved/Config/Windows/Scalability.ini]
[2023.04.18-20.54.13:107][  0]LogConfig: Setting CVar [[foliage.DensityScale:1.0]]
[2023.04.18-20.54.13:107][  0]LogConfig: Setting CVar [[grass.DensityScale:1.0]]
[2023.04.18-20.54.13:107][  0]LogConfig: Applying CVar settings from Section [ShadingQuality@3] File [D:/Unreal Projects/Saved/Config/Windows/Scalability.ini]
[2023.04.18-20.54.13:107][  0]LogConfig: Setting CVar [[r.HairStrands.SkyLighting.IntegrationType:2]]
[2023.04.18-20.54.13:107][  0]LogConfig: Setting CVar [[r.HairStrands.SkyAO.SampleCount:4]]
[2023.04.18-20.54.13:107][  0]LogConfig: Setting CVar [[r.HairStrands.Visibility.MSAA.SamplePerPixel:4]]
[2023.04.18-20.54.13:107][  0]LogConfig: Applying CVar settings from Section [Startup] File [../../../Engine/Config/ConsoleVariables.ini]
[2023.04.18-20.54.13:107][  0]LogConfig: Setting CVar [[net.UseAdaptiveNetUpdateFrequency:0]]
[2023.04.18-20.54.13:107][  0]LogConfig: Setting CVar [[p.chaos.AllowCreatePhysxBodies:1]]
[2023.04.18-20.54.13:107][  0]LogConfig: Setting CVar [[fx.SkipVectorVMBackendOptimizations:1]]
[2023.04.18-20.54.13:107][  0]LogConfig: Applying CVar settings from Section [ConsoleVariables] File [D:/Unreal Projects/Saved/Config/Windows/Engine.ini]
[2023.04.18-20.54.13:107][  0]LogConfig: Applying CVar settings from Section [ConsoleVariables] File [D:/Unreal Projects/Saved/Config/Windows/Editor.ini]
[2023.04.18-20.54.13:107][  0]LogInit: Computer: CLARISSA-M93P
[2023.04.18-20.54.13:107][  0]LogInit: User: Clarissa
[2023.04.18-20.54.13:107][  0]LogInit: CPU Page size=4096, Cores=4
[2023.04.18-20.54.13:107][  0]LogInit: High frequency timer resolution =10.000000 MHz
[2023.04.18-20.54.13:107][  0]LogMemory: Memory total: Physical=31.8GB (32GB approx)
[2023.04.18-20.54.13:107][  0]LogMemory: Platform Memory Stats for Windows
[2023.04.18-20.54.13:107][  0]LogMemory: Process Physical Memory: 141.53 MB used, 141.53 MB peak
[2023.04.18-20.54.13:107][  0]LogMemory: Process Virtual Memory: 125.34 MB used, 125.34 MB peak
[2023.04.18-20.54.13:107][  0]LogMemory: Physical Memory: 6159.59 MB used,  26401.90 MB free, 32561.49 MB total
[2023.04.18-20.54.13:107][  0]LogMemory: Virtual Memory: 134186320.00 MB used,  31411.48 MB free, 134217728.00 MB total
[2023.04.18-20.54.13:113][  0]LogWindows: WindowsPlatformFeatures enabled
[2023.04.18-20.54.13:136][  0]LogInit: Physics initialised using underlying interface: PhysX
[2023.04.18-20.54.13:137][  0]LogInit: Using OS detected language (en-US).
[2023.04.18-20.54.13:137][  0]LogInit: Using OS detected locale (en-US).
[2023.04.18-20.54.13:139][  0]LogTextLocalizationManager: No specific localization for 'en-US' exists, so the 'en' localization will be used.
[2023.04.18-20.54.13:354][  0]LogInit: Setting process to per monitor DPI aware
[2023.04.18-20.54.13:368][  0]LogWindowsTextInputMethodSystem: Display: IME system deactivated.
[2023.04.18-20.54.13:380][  0]LogSlate: New Slate User Created.  User Index 0, Is Virtual User: 0
[2023.04.18-20.54.13:381][  0]LogSlate: Slate User Registered.  User Index 0, Is Virtual User: 0
[2023.04.18-20.54.13:536][  0]LogD3D11RHI: Loaded GFSDK_Aftermath_Lib.x64.dll
[2023.04.18-20.54.13:539][  0]LogHMD: Failed to initialize OpenVR with code 110
[2023.04.18-20.54.13:540][  0]LogD3D11RHI: D3D11 min allowed feature level: 11_0
[2023.04.18-20.54.13:540][  0]LogD3D11RHI: D3D11 max allowed feature level: 11_0
[2023.04.18-20.54.13:540][  0]LogD3D11RHI: D3D11 adapters:
[2023.04.18-20.54.13:549][  0]LogD3D11RHI:    0. 'Intel(R) HD Graphics 4600' (Feature Level 11_0)
[2023.04.18-20.54.13:549][  0]LogD3D11RHI:       112/0/2048 MB DedicatedVideo/DedicatedSystem/SharedSystem, Outputs:1, VendorId:0x8086
[2023.04.18-20.54.13:552][  0]LogD3D11RHI:    1. 'Microsoft Basic Render Driver' (Feature Level 11_0)
[2023.04.18-20.54.13:552][  0]LogD3D11RHI:       0/0/16280 MB DedicatedVideo/DedicatedSystem/SharedSystem, Outputs:0, VendorId:0x1414
[2023.04.18-20.54.13:552][  0]LogD3D11RHI: Chosen D3D11 Adapter:
[2023.04.18-20.54.13:552][  0]LogD3D11RHI:     Description : Intel(R) HD Graphics 4600
[2023.04.18-20.54.13:552][  0]LogD3D11RHI:     VendorId    : 8086
[2023.04.18-20.54.13:552][  0]LogD3D11RHI:     DeviceId    : 0412
[2023.04.18-20.54.13:552][  0]LogD3D11RHI:     SubSysId    : 309717aa
[2023.04.18-20.54.13:552][  0]LogD3D11RHI:     Revision    : 0006
[2023.04.18-20.54.13:552][  0]LogD3D11RHI:     DedicatedVideoMemory : 117964800 bytes
[2023.04.18-20.54.13:552][  0]LogD3D11RHI:     DedicatedSystemMemory : 0 bytes
[2023.04.18-20.54.13:552][  0]LogD3D11RHI:     SharedSystemMemory : 2147483648 bytes
[2023.04.18-20.54.13:552][  0]LogD3D11RHI:     AdapterLuid : 0 39002
[2023.04.18-20.54.13:557][  0]LogD3D11RHI: Creating new Direct3DDevice
[2023.04.18-20.54.13:557][  0]LogD3D11RHI:     GPU DeviceId: 0x412 (for the marketing name, search the web for "GPU Device Id")
[2023.04.18-20.54.13:557][  0]LogWindows: EnumDisplayDevices:
[2023.04.18-20.54.13:558][  0]LogWindows:    0. 'Intel(R) HD Graphics 4600' (P:1 D:1)
[2023.04.18-20.54.13:558][  0]LogWindows:    1. 'Intel(R) HD Graphics 4600' (P:0 D:0)
[2023.04.18-20.54.13:558][  0]LogWindows:    2. 'Intel(R) HD Graphics 4600' (P:0 D:0)
[2023.04.18-20.54.13:559][  0]LogWindows: DebugString: FoundDriverCount:3 
[2023.04.18-20.54.13:559][  0]LogD3D11RHI:     Adapter Name: Intel(R) HD Graphics 4600
[2023.04.18-20.54.13:559][  0]LogD3D11RHI:   Driver Version: 20.19.15.4835 (internal:20.19.15.4835, unified:20.19.15.4835)
[2023.04.18-20.54.13:559][  0]LogD3D11RHI:      Driver Date: 10-16-2017
[2023.04.18-20.54.13:559][  0]LogRHI: Texture pool is 795 MB (70% of 1136 MB)
[2023.04.18-20.54.13:559][  0]LogD3D11RHI: Creating D3DDevice using adapter:
[2023.04.18-20.54.13:559][  0]LogD3D11RHI:     Description : Intel(R) HD Graphics 4600
[2023.04.18-20.54.13:559][  0]LogD3D11RHI:     VendorId    : 8086
[2023.04.18-20.54.13:559][  0]LogD3D11RHI:     DeviceId    : 0412
[2023.04.18-20.54.13:559][  0]LogD3D11RHI:     SubSysId    : 309717aa
[2023.04.18-20.54.13:559][  0]LogD3D11RHI:     Revision    : 0006
[2023.04.18-20.54.13:559][  0]LogD3D11RHI:     DedicatedVideoMemory : 117964800 bytes
[2023.04.18-20.54.13:559][  0]LogD3D11RHI:     DedicatedSystemMemory : 0 bytes
[2023.04.18-20.54.13:559][  0]LogD3D11RHI:     SharedSystemMemory : 2147483648 bytes
[2023.04.18-20.54.13:559][  0]LogD3D11RHI:     AdapterLuid : 0 39002
[2023.04.18-20.54.13:565][  0]LogD3D11RHI: RHI does not have support for 64 bit atomics
[2023.04.18-20.54.13:594][  0]LogD3D11RHI: Intel Extensions Framework not found
[2023.04.18-20.54.13:594][  0]LogD3D11RHI: Async texture creation enabled
[2023.04.18-20.54.13:594][  0]LogD3D11RHI: Array index from any shader is supported
[2023.04.18-20.54.13:601][  0]LogD3D11RHI: GPU Timing Frequency: 12.500000 (Debug: 2 0)
[2023.04.18-20.54.13:992][  0]LogTargetPlatformManager: Display: Loaded TargetPlatform 'AllDesktop'
[2023.04.18-20.54.14:015][  0]LogTargetPlatformManager: Display: Loaded TargetPlatform 'Android'
[2023.04.18-20.54.14:015][  0]LogTargetPlatformManager: Display: Loaded TargetPlatform 'Android_ASTC'
[2023.04.18-20.54.14:015][  0]LogTargetPlatformManager: Display: Loaded TargetPlatform 'Android_DXT'
[2023.04.18-20.54.14:015][  0]LogTargetPlatformManager: Display: Loaded TargetPlatform 'Android_ETC2'
[2023.04.18-20.54.14:015][  0]LogTargetPlatformManager: Display: Loaded TargetPlatform 'AndroidClient'
[2023.04.18-20.54.14:015][  0]LogTargetPlatformManager: Display: Loaded TargetPlatform 'Android_ASTCClient'
[2023.04.18-20.54.14:015][  0]LogTargetPlatformManager: Display: Loaded TargetPlatform 'Android_DXTClient'
[2023.04.18-20.54.14:015][  0]LogTargetPlatformManager: Display: Loaded TargetPlatform 'Android_ETC2Client'
[2023.04.18-20.54.14:015][  0]LogTargetPlatformManager: Display: Loaded TargetPlatform 'Android_Multi'
[2023.04.18-20.54.14:015][  0]LogTargetPlatformManager: Display: Loaded TargetPlatform 'Android_MultiClient'
[2023.04.18-20.54.14:034][  0]LogTargetPlatformManager: Display: Loaded TargetPlatform 'IOSClient'
[2023.04.18-20.54.14:034][  0]LogTargetPlatformManager: Display: Loaded TargetPlatform 'IOS'
[2023.04.18-20.54.14:044][  0]LogTargetPlatformManager: Display: Loaded TargetPlatform 'Linux'
[2023.04.18-20.54.14:048][  0]LogTargetPlatformManager: Display: Loaded TargetPlatform 'LinuxNoEditor'
[2023.04.18-20.54.14:053][  0]LogTargetPlatformManager: Display: Loaded TargetPlatform 'LinuxClient'
[2023.04.18-20.54.14:058][  0]LogTargetPlatformManager: Display: Loaded TargetPlatform 'LinuxServer'
[2023.04.18-20.54.14:067][  0]LogTargetPlatformManager: Display: Loaded TargetPlatform 'LinuxAArch64NoEditor'
[2023.04.18-20.54.14:071][  0]LogTargetPlatformManager: Display: Loaded TargetPlatform 'LinuxAArch64Client'
[2023.04.18-20.54.14:076][  0]LogTargetPlatformManager: Display: Loaded TargetPlatform 'LinuxAArch64Server'
[2023.04.18-20.54.14:100][  0]LogTargetPlatformManager: Display: Loaded TargetPlatform 'Lumin'
[2023.04.18-20.54.14:100][  0]LogTargetPlatformManager: Display: Loaded TargetPlatform 'LuminClient'
[2023.04.18-20.54.14:108][  0]LogTargetPlatformManager: Display: Loaded TargetPlatform 'MacNoEditor'
[2023.04.18-20.54.14:113][  0]LogTargetPlatformManager: Display: Loaded TargetPlatform 'Mac'
[2023.04.18-20.54.14:117][  0]LogTargetPlatformManager: Display: Loaded TargetPlatform 'MacClient'
[2023.04.18-20.54.14:121][  0]LogTargetPlatformManager: Display: Loaded TargetPlatform 'MacServer'
[2023.04.18-20.54.14:133][  0]LogTargetPlatformManager: Display: Loaded TargetPlatform 'TVOSClient'
[2023.04.18-20.54.14:133][  0]LogTargetPlatformManager: Display: Loaded TargetPlatform 'TVOS'
[2023.04.18-20.54.14:143][  0]LogTargetPlatformManager: Display: Loaded TargetPlatform 'WindowsNoEditor'
[2023.04.18-20.54.14:148][  0]LogTargetPlatformManager: Display: Loaded TargetPlatform 'Windows'
[2023.04.18-20.54.14:152][  0]LogTargetPlatformManager: Display: Loaded TargetPlatform 'WindowsClient'
[2023.04.18-20.54.14:157][  0]LogTargetPlatformManager: Display: Loaded TargetPlatform 'WindowsServer'
[2023.04.18-20.54.14:157][  0]LogTargetPlatformManager: Display: Building Assets For Windows
[2023.04.18-20.54.14:164][  0]LogAudioDebug: Display: Lib vorbis DLL was dynamically loaded.
[2023.04.18-20.54.14:194][  0]LogTextureFormatOodle: Display: Oodle Texture 2.9.0 init RDO Off
[2023.04.18-20.54.14:228][  0]LogRendererCore: Ray tracing is disabled. Reason: r.RayTracing=0.
[2023.04.18-20.54.14:228][  0]LogShaderCompilers: Guid format shader working directory is 31 characters bigger than the processId version (D:/Unreal Projects/Intermediate/Shaders/WorkingDirectory/7068/).
[2023.04.18-20.54.14:228][  0]LogShaderCompilers: Cleaned the shader compiler working directory 'C:/Users/Clarissa/AppData/Local/Temp/UnrealShaderWorkingDir/7B96D0A04BADFEADDF7000953093DDB7/'.
[2023.04.18-20.54.14:228][  0]LogXGEController: Cannot use XGE Controller as Incredibuild is not installed on this machine.
[2023.04.18-20.54.14:228][  0]LogShaderCompilers: Cannot use XGE Shader Compiler as Incredibuild is not installed on this machine.
[2023.04.18-20.54.14:229][  0]LogShaderCompilers: Display: Using Local Shader Compiler.
[2023.04.18-20.54.15:062][  0]LogDerivedDataCache: Display: Max Cache Size: 512 MB
[2023.04.18-20.54.15:124][  0]LogDerivedDataCache: Loaded boot cache 0.06s 94MB C:/Users/Clarissa/AppData/Local/UnrealEngine/4.27/DerivedDataCache/Boot.ddc.
[2023.04.18-20.54.15:124][  0]LogDerivedDataCache: Display: Loaded Boot cache: C:/Users/Clarissa/AppData/Local/UnrealEngine/4.27/DerivedDataCache/Boot.ddc
[2023.04.18-20.54.15:124][  0]LogDerivedDataCache: FDerivedDataBackendGraph:  Pak pak cache file D:/Unreal Projects/DerivedDataCache/DDC.ddp not found, will not use a pak cache.
[2023.04.18-20.54.15:124][  0]LogDerivedDataCache: Unable to find inner node Pak for hierarchical cache Hierarchy.
[2023.04.18-20.54.15:124][  0]LogDerivedDataCache: FDerivedDataBackendGraph:  CompressedPak pak cache file D:/Unreal Projects/DerivedDataCache/Compressed.ddp not found, will not use a pak cache.
[2023.04.18-20.54.15:124][  0]LogDerivedDataCache: Unable to find inner node CompressedPak for hierarchical cache Hierarchy.
[2023.04.18-20.54.15:142][  0]LogDerivedDataCache: Display: Pak cache opened for reading ../../../Engine/DerivedDataCache/Compressed.ddp.
[2023.04.18-20.54.15:142][  0]LogDerivedDataCache: FDerivedDataBackendGraph:  EnterprisePak pak cache file ../../../Enterprise/DerivedDataCache/Compressed.ddp not found, will not use a pak cache.
[2023.04.18-20.54.15:142][  0]LogDerivedDataCache: Unable to find inner node EnterprisePak for hierarchical cache Hierarchy.
[2023.04.18-20.54.15:159][  0]LogDerivedDataCache: Speed tests for C:/Users/Clarissa/AppData/Local/UnrealEngine/Common/DerivedDataCache took 0.02 seconds
[2023.04.18-20.54.15:160][  0]LogDerivedDataCache: Display: Performance to C:/Users/Clarissa/AppData/Local/UnrealEngine/Common/DerivedDataCache: Latency=0.05ms. RandomReadSpeed=918.12MBs, RandomWriteSpeed=60.76MBs. Assigned SpeedClass 'Local'
[2023.04.18-20.54.15:160][  0]LogDerivedDataCache: Using Local data cache path C:/Users/Clarissa/AppData/Local/UnrealEngine/Common/DerivedDataCache: Writable
[2023.04.18-20.54.15:160][  0]LogDerivedDataCache: Shared data cache path not found in *engine.ini, will not use an Shared cache.
[2023.04.18-20.54.15:160][  0]LogDerivedDataCache: Unable to find inner node Shared for hierarchical cache Hierarchy.
[2023.04.18-20.54.15:212][  0]LogSlate: Using FreeType 2.10.0
[2023.04.18-20.54.15:212][  0]LogSlate: SlateFontServices - WITH_FREETYPE: 1, WITH_HARFBUZZ: 1
[2023.04.18-20.54.15:242][  0]LogAssetRegistry: FAssetRegistry took 0.0029 seconds to start up
[2023.04.18-20.54.15:489][  0]LogInit: Selected Device Profile: [Windows]
[2023.04.18-20.54.15:489][  0]LogInit: Active device profile: [0000020B46266E00][0000020B447EF500 49] Windows
[2023.04.18-20.54.15:489][  0]LogInit: Profiles: [0000020B46266E00][0000020B447EF500 49] Windows, [0000020B461E4100][0000020B447F7680 49] WindowsNoEditor, [0000020B461D8500][0000020B447FB800 49] WindowsServer, [0000020B461E4700][0000020B447FF980 49] WindowsClient, [0000020B461DBD00][0000020B44803B00 49] IOS, [0000020B461E7D00][0000020B44806100 49] iPadAir, [0000020B461D8400][0000020B4480A280 49] iPadAir2, [0000020B46199300][0000020B44812540 49] IPadPro, [0000020B46199400][0000020B4480E580 49] iPadAir3, [0000020B461DBE00][0000020B44816700 49] iPadAir4, [0000020B46198600][0000020B447F2840 49] iPadMini2, [0000020B461D8100][0000020B4481A980 49] iPadMini3, [0000020B46199700][0000020B4481EAC0 49] iPadMini4, [0000020B461DBB00][0000020B44826C40 49] iPadMini5, [0000020B461E5400][0000020B4482EF00 49] iPhone6, [0000020B461E5500][0000020B4482AF40 49] iPodTouch6, [0000020B4619BC00][0000020B44837200 49] iPhone7, [0000020B4619BB00][0000020B44833240 49] iPodTouch7, [0000020B461E4900][0000020B4483B3C0 49] iPhone5S, [0000020B46198B00][0000020B4483F540 49] iPhone6Plus, [0000020B461E5900][0000020B448436C0 49] iPhone6S, [0000020B4619B900][0000020B44847840 49] iPhone6SPlus, [0000020B461E4C00][0000020B4484B9C0 49] iPhone7Plus, [0000020B46198E00][0000020B4484FB40 49] iPhoneSE, [0000020B461E5B00][0000020B44852140 49] iPhone8, [0000020B4619B700][0000020B448562C0 49] iPhone8Plus, [0000020B461E4300][0000020B4485A440 49] iPhoneX, [0000020B46198200][0000020B46AC25C0 49] iPhoneXS, [0000020B461E5F00][0000020B46AC6740 49] iPhoneXSMax, [0000020B4619B200][0000020B46ACA8C0 49] iPhoneXR, [0000020B461E7A00][0000020B44822A00 49] iPhone11, [0000020B46199A00][0000020B46ACEB40 49] iPhone11Pro, [0000020B461E6300][0000020B46AD2C80 49] iPhone11ProMax, [0000020B4619AE00][0000020B46AD6DC0 49] iPhoneSE2, [0000020B461E7C00][0000020B46ADEF40 49] iPhone12Mini, [0000020B46199B00][0000020B46AE30C0 49] iPhone12, [0000020B461E6700][0000020B46AE7240 49] iPhone12Pro, [0000020B46198400][0000020B46AEB3C0 49] iPhone12ProMax, [0000020B461E5C00][0000020B46AEF540 49] iPadPro105, [0000020B4619A000][0000020B46AF36C0 49] iPadPro129, [0000020B461E5000][0000020B46AF7840 49] iPadPro97, [0000020B46199000][0000020B46AFB9C0 49] iPadPro2_129, [0000020B461E6E00][0000020B46AFFB40 49] iPad5, [0000020B4619BD00][0000020B46B02140 49] iPad6, [0000020B461E5200][0000020B46B062C0 49] iPad7, [0000020B46198800][0000020B46B0A440 49] iPad8, [0000020B461E6C00][0000020B46B0E5C0 49] iPadPro11, [0000020B4619A300][0000020B46B12740 49] iPadPro2_11, [0000020B461E6A00][0000020B46B168C0 49] iPadPro3_129, [0000020B4619A700][0000020B46B1AA40 49] iPadPro4_129, [0000020B461E7000][0000020B46ADAB80 49] AppleTV, [0000020B4619A600][0000020B46B1ECC0 49] AppleTV4K, [0000020B461E5700][0000020B46B22E00 49] TVOS, [0000020B4619B500][0000020B46B26F40 49] Mac, [0000020B461E6800][0000020B46B2F0C0 49] MacClient, [0000020B4619AF00][0000020B46B33240 49] MacNoEditor, [0000020B461E4E00][0000020B46B373C0 49] MacServer, [0000020B46199100][0000020B46B3B540 49] Linux, [0000020B461E5800][0000020B46B3F6C0 49] LinuxAArch64, [0000020B4619BA00][0000020B46B43840 49] LinuxNoEditor, [0000020B461E4800][0000020B46B479C0 49] LinuxAArch64NoEditor, [0000020B4619BE00][0000020B46B4BB40 49] LinuxClient, [0000020B461E6D00][0000020B46B4E140 49] LinuxAArch64Client, [0000020B46199D00][0000020B46B522C0 49] LinuxServer, [0000020B461E6000][0000020B46B56440 49] LinuxAArch64Server, [0000020B4619AA00][0000020B46B5A5C0 49] Android, [0000020B461E7300][0000020B46B5E740 49] Android_Low, [0000020B4619A500][0000020B46B628C0 49] Android_Mid, [0000020B461E7900][0000020B46B66A40 49] Android_High, [0000020B4619B000][0000020B46B6ABC0 49] Android_Default, [0000020B461E4D00][0000020B46B6ED40 49] Android_Adreno4xx, [0000020B461D8600][0000020B46B2AE80 49] Android_Adreno5xx_Low, [0000020B46266500][0000020B46B72FC0 49] Android_Adreno5xx, [0000020B461DA600][0000020B46B77100 49] Android_Adreno6xx, [0000020B46265400][0000020B46B7F280 49] Android_Adreno6xx_Vulkan, [0000020B461DB600][0000020B46B83400 49] Android_Mali_T6xx, [0000020B46264100][0000020B46B87580 49] Android_Mali_T7xx, [0000020B461DAC00][0000020B46B8B700 49] Android_Mali_T8xx, [0000020B46266600][0000020B46B8F880 49] Android_Mali_G71, [0000020B461D9A00][0000020B46B93A00 49] Android_Mali_G72, [0000020B46264A00][0000020B46B97B80 49] Android_Mali_G72_Vulkan, [0000020B461DAB00][0000020B46B9A180 49] Android_Mali_G76, [0000020B46265D00][0000020B46B9E300 49] Android_Mali_G76_Vulkan, [0000020B461D8A00][0000020B46BA2480 49] Android_Mali_G77, [0000020B46264D00][0000020B46BA6600 49] Android_Mali_G77_Vulkan, [0000020B461D8200][0000020B46BAA780 49] Android_Mali_G78, [0000020B46265E00][0000020B46BAE900 49] Android_Mali_G78_Vulkan, [0000020B461D9000][0000020B46BB2A80 49] Android_Mali_G710, [0000020B46266900][0000020B46BB6C00 49] Android_Mali_G710_Vulkan, [0000020B461D9D00][0000020B46BBAD80 49] Android_Vulkan_SM5, [0000020B46264300][0000020B46C3CF00 49] Android_PowerVR_G6xxx, [0000020B461D9B00][0000020B46B7B040 49] Android_PowerVR_GT7xxx, [0000020B46265900][0000020B46C55180 49] Android_PowerVR_GE8xxx, [0000020B461D8C00][0000020B46C592C0 49] Android_PowerVR_GM9xxx, [0000020B46265B00][0000020B3FB99440 49] Android_PowerVR_GM9xxx_Vulkan, [0000020B461E7F00][0000020B46C615C0 49] Android_TegraK1, [0000020B46266A00][0000020B46C69740 49] Android_Unknown_Vulkan, [0000020B461E6B00][0000020B3C2D58C0 49] Lumin, [0000020B46265200][0000020B3C30DA40 49] Lumin_Desktop, [0000020B461E6200][0000020B3C311BC0 49] HoloLens, 
[2023.04.18-20.54.15:638][  0]LogMeshReduction: Using QuadricMeshReduction for automatic static mesh reduction
[2023.04.18-20.54.15:638][  0]LogMeshReduction: Using SimplygonMeshReduction for automatic skeletal mesh reduction
[2023.04.18-20.54.15:638][  0]LogMeshReduction: Using ProxyLODMeshReduction for automatic mesh merging
[2023.04.18-20.54.15:638][  0]LogMeshReduction: No distributed automatic mesh merging module available
[2023.04.18-20.54.15:638][  0]LogMeshMerging: No distributed automatic mesh merging module available
[2023.04.18-20.54.15:652][  0]LogNetVersion: TheLastStruggle 1.0.0, NetCL: 17155196, EngineNetVer: 17, GameNetVer: 0 (Checksum: 2556219776)
[2023.04.18-20.54.16:080][  0]LogTexture: Default maximum texture size for cubemaps generated from long-lat sources has been changed from 512 to unlimited. In order to preserve old behaiour for '/Engine/MapTemplates/Sky/DaylightAmbientCubemap.DaylightAmbientCubemap', its maximum texture size has been explicitly set to 512.
[2023.04.18-20.54.16:133][  0]LogHMD: PokeAHoleMaterial loaded successfully
[2023.04.18-20.54.16:140][  0]LogUObjectArray: 17178 objects as part of root set at end of initial load.
[2023.04.18-20.54.16:140][  0]LogUObjectAllocator: 4302048 out of 0 bytes used by permanent object pool.
[2023.04.18-20.54.16:140][  0]LogUObjectArray: CloseDisregardForGC: 0/0 objects in disregard for GC pool
[2023.04.18-20.54.16:419][  0]LogNiagaraDebuggerClient: Niagara Debugger Client Initialized | Session: 8977F452403CE4865DD87FB150CCF013 | Instance: 94521C1E484A72F87C7628B19F335D4F (CLARISSA-M93P-7068).
[2023.04.18-20.54.16:538][  0]LogPython: Using Python 3.7.7
[2023.04.18-20.54.17:130][  0]LogTcpMessaging: Initializing TcpMessaging bridge
[2023.04.18-20.54.17:135][  0]LogUdpMessaging: Initializing bridge on interface 0.0.0.0:0 to multicast group 230.0.0.1:6666.
[2023.04.18-20.54.17:298][  0]SourceControl: Source control is disabled
[2023.04.18-20.54.17:298][  0]SourceControl: Source control is disabled
[2023.04.18-20.54.17:301][  0]SourceControl: Source control is disabled
[2023.04.18-20.54.17:304][  0]SourceControl: Source control is disabled
[2023.04.18-20.54.17:312][  0]SourceControl: Source control is disabled
[2023.04.18-20.54.17:319][  0]LogUProjectInfo: Found projects:
[2023.04.18-20.54.17:326][  0]LogVSAccessor: Display: Unable to create Visual Studio setup instance: 80040154
[2023.04.18-20.54.17:327][  0]LogVSAccessor: Display: Unable to create Visual Studio setup instance: 80040154
[2023.04.18-20.54.17:327][  0]LogVSAccessor: Display: Unable to create Visual Studio setup instance: 80040154
[2023.04.18-20.54.17:549][  0]LogOpenImageDenoise: OIDN starting up
[2023.04.18-20.54.17:579][  0]LogAndroidPermission: UAndroidPermissionCallbackProxy::GetInstance
[2023.04.18-20.54.17:603][  0]LogAudioCaptureCore: Display: No Audio Capture implementations found. Audio input will be silent.
[2023.04.18-20.54.17:603][  0]LogAudioCaptureCore: Display: No Audio Capture implementations found. Audio input will be silent.
[2023.04.18-20.54.17:759][  0]LogCollectionManager: Loaded 0 collections in 0.003537 seconds
[2023.04.18-20.54.17:783][  0]LogFileCache: Scanning file cache for directory 'D:/Unreal Projects/Saved/Collections/' took 0.00s
[2023.04.18-20.54.17:783][  0]LogFileCache: Scanning file cache for directory 'D:/Unreal Projects/Content/Developers/Clarissa/Collections/' took 0.00s
[2023.04.18-20.54.17:783][  0]LogFileCache: Scanning file cache for directory 'D:/Unreal Projects/Content/Collections/' took 0.00s
[2023.04.18-20.54.17:783][  0]LogOcInput: OculusInput pre-init called
[2023.04.18-20.54.18:072][  0]LogClass: Display: EnumProperty FMultiUserClientConfig::ValidationMode is not initialized properly. Module:MultiUserClientLibrary File:Public/MultiUserClientStatics.h
[2023.04.18-20.54.18:072][  0]LogClass: Display: StructProperty FMultiUserClientInfo::AvatarColor is not initialized properly. Module:MultiUserClientLibrary File:Public/MultiUserClientStatics.h
[2023.04.18-20.54.18:072][  0]LogClass: Display: 2 Uninitialized script struct members found including 0 object properties
[2023.04.18-20.54.18:073][  0]LogEngine: Initializing Engine...
[2023.04.18-20.54.18:076][  0]LogHMD: Failed to enumerate extensions. Please check that you have a valid OpenXR runtime installed.
[2023.04.18-20.54.18:076][  0]LogHMD: Failed to initialize OpenVR with code 110
[2023.04.18-20.54.18:076][  0]LogMagicLeap: Warning: VR disabled because ZI is not enabled.  To enable, in the editor, Edit -> Project Settings -> Plugins -> Magic Leap Plugin -> Enable Zero Iteration
[2023.04.18-20.54.18:077][  0]LogStats: UGameplayTagsManager::InitializeManager -  0.000 s
[2023.04.18-20.54.18:199][  0]LogInit: Initializing FReadOnlyCVARCache
[2023.04.18-20.54.18:211][  0]LogAIModule: Creating AISystem for world Untitled
[2023.04.18-20.54.18:214][  0]LogAudio: Display: Initializing Audio Device Manager...
[2023.04.18-20.54.18:218][  0]LogAudio: Display: Loading Default Audio Settings Objects...
[2023.04.18-20.54.18:218][  0]LogAudio: Display: No default SoundConcurrencyObject specified (or failed to load).
[2023.04.18-20.54.18:219][  0]LogAudio: Display: Audio Device Manager Initialized
[2023.04.18-20.54.18:219][  0]LogAudio: Display: Creating Audio Device:                 Id: 1, Scope: Shared, Realtime: True
[2023.04.18-20.54.18:219][  0]LogAudioMixer: Display: Audio Mixer Platform Settings:
[2023.04.18-20.54.18:219][  0]LogAudioMixer: Display: 	Sample Rate:						  48000
[2023.04.18-20.54.18:219][  0]LogAudioMixer: Display: 	Callback Buffer Frame Size Requested: 1024
[2023.04.18-20.54.18:219][  0]LogAudioMixer: Display: 	Callback Buffer Frame Size To Use:	  1024
[2023.04.18-20.54.18:219][  0]LogAudioMixer: Display: 	Number of buffers to queue:			  2
[2023.04.18-20.54.18:219][  0]LogAudioMixer: Display: 	Max Channels (voices):				  32
[2023.04.18-20.54.18:219][  0]LogAudioMixer: Display: 	Number of Async Source Workers:		  0
[2023.04.18-20.54.18:219][  0]LogAudio: Display: AudioDevice MaxSources: 32
[2023.04.18-20.54.18:220][  0]LogAudio: Display: Audio Spatialization Plugin: None (built-in).
[2023.04.18-20.54.18:220][  0]LogAudio: Display: Audio Reverb Plugin: None (built-in).
[2023.04.18-20.54.18:220][  0]LogAudio: Display: Audio Occlusion Plugin: None (built-in).
[2023.04.18-20.54.18:220][  0]LogAudioMixer: Display: Initializing audio mixer.
[2023.04.18-20.54.18:232][  0]LogAudioMixer: Display: 0: FrontLeft
[2023.04.18-20.54.18:232][  0]LogAudioMixer: Display: 1: FrontRight
[2023.04.18-20.54.18:257][  0]LogAudioMixer: Display: Using Audio Device Speakers (High Definition Audio Device)
[2023.04.18-20.54.18:259][  0]LogAudioMixer: Display: Initializing Sound Submixes...
[2023.04.18-20.54.18:261][  0]LogAudioMixer: Display: Creating Master Submix 'MasterSubmixDefault'
[2023.04.18-20.54.18:261][  0]LogAudioMixer: Display: Creating Master Submix 'MasterReverbSubmixDefault'
[2023.04.18-20.54.18:262][  0]LogAudioMixer: Display: Creating Master Submix 'MasterEQSubmixDefault'
[2023.04.18-20.54.18:262][  0]LogAudioMixer: FMixerPlatformXAudio2::StartAudioStream() called
[2023.04.18-20.54.18:262][  0]LogAudioMixer: Display: Output buffers initialized: Frames=1024, Channels=2, Samples=2048
[2023.04.18-20.54.18:263][  0]LogAudioMixer: Display: Starting AudioMixerPlatformInterface::RunInternal()
[2023.04.18-20.54.18:263][  0]LogAudioMixer: Display: FMixerPlatformXAudio2::SubmitBuffer() called for the first time
[2023.04.18-20.54.18:263][  0]LogInit: FAudioDevice initialized.
[2023.04.18-20.54.18:263][  0]LogAudio: Display: Audio Device (ID: 1) registered with world 'Untitled'.
[2023.04.18-20.54.18:263][  0]LogNetVersion: Set ProjectVersion to 1.0.0.0. Version Checksum will be recalculated on next use.
[2023.04.18-20.54.18:518][  0]LogDerivedDataCache: Saved boot cache 0.25s 94MB C:/Users/Clarissa/AppData/Local/UnrealEngine/4.27/DerivedDataCache/Boot.ddc.
[2023.04.18-20.54.18:521][  0]LogInit: Texture streaming: Enabled
[2023.04.18-20.54.18:559][  0]LogAnalytics: Display: [UEEditor.Rocket.Release] APIServer = https://datarouter.ol.epicgames.com/. AppVersion = 4.27.2-18319896+++UE4+Release-4.27
[2023.04.18-20.54.18:584][  0]LogEngineSessionManager: EngineSessionManager initialized
[2023.04.18-20.54.18:584][  0]LogEditorSessionSummary: Verbose: Initializing EditorSessionSummaryWriter for editor session tracking
[2023.04.18-20.54.18:621][  0]LogEditorSessionSummary: EditorSessionSummaryWriter initialized
[2023.04.18-20.54.18:690][  0]LogInit: Transaction tracking system initialized
[2023.04.18-20.54.18:711][  0]BlueprintLog: New page: Editor Load
[2023.04.18-20.54.18:769][  0]LocalizationService: Localization service is disabled
[2023.04.18-20.54.18:793][  0]TimingProfiler: Initialize
[2023.04.18-20.54.18:793][  0]TimingProfiler: OnSessionChanged
[2023.04.18-20.54.18:793][  0]LoadingProfiler: Initialize
[2023.04.18-20.54.18:793][  0]LoadingProfiler: OnSessionChanged
[2023.04.18-20.54.18:793][  0]NetworkingProfiler: Initialize
[2023.04.18-20.54.18:794][  0]NetworkingProfiler: OnSessionChanged
[2023.04.18-20.54.18:794][  0]MemoryProfiler: Initialize
[2023.04.18-20.54.18:794][  0]MemoryProfiler: OnSessionChanged
[2023.04.18-20.54.18:851][  0]LogVSAccessor: Display: Unable to create Visual Studio setup instance: 80040154
[2023.04.18-20.54.18:852][  0]LogVSAccessor: Display: Unable to create Visual Studio setup instance: 80040154
[2023.04.18-20.54.18:852][  0]LogVSAccessor: Display: Unable to create Visual Studio setup instance: 80040154
[2023.04.18-20.54.18:990][  0]LogCook: Display: CookSettings for Memory: MemoryMaxUsedVirtual 0MiB, MemoryMaxUsedPhysical 16384MiB, MemoryMinFreeVirtual 0MiB, MemoryMinFreePhysical 1024MiB
[2023.04.18-20.54.18:990][  0]LogCook: Display: Mobile HDR setting 1
[2023.04.18-20.54.19:183][  0]LogFileCache: Scanning file cache for directory 'D:/Unreal Projects/Content/' took 0.01s
[2023.04.18-20.54.19:422][  0]LogInit: Display: Engine is initialized. Leaving FEngineLoop::Init()
[2023.04.18-20.54.19:444][  0]SourceControl: Source control is disabled
[2023.04.18-20.54.19:444][  0]LogUnrealEdMisc: Loading editor; pre map load, took 7.924
[2023.04.18-20.54.19:444][  0]Cmd: MAP LOAD FILE="D:/Unreal Projects/Content/Maps/Main.umap" TEMPLATE=0 SHOWPROGRESS=1 FEATURELEVEL=3
[2023.04.18-20.54.19:444][  0]LightingResults: New page: Lighting Build
[2023.04.18-20.54.19:446][  0]LogWorld: UWorld::CleanupWorld for Untitled, bSessionEnded=true, bCleanupResources=true
[2023.04.18-20.54.19:446][  0]LogSlate: InvalidateAllWidgets triggered.  All widgets were invalidated
[2023.04.18-20.54.19:446][  0]MapCheck: New page: Map Check
[2023.04.18-20.54.19:446][  0]LightingResults: New page: Lighting Build
[2023.04.18-20.54.19:453][  0]LogAudio: Display: Audio Device unregistered from world 'None'.
[2023.04.18-20.54.19:456][  0]LogUObjectHash: Compacting FUObjectHashTables data took   1.04ms
[2023.04.18-20.54.19:999][  0]LogAudio: Display: Audio Device (ID: 1) registered with world 'Main'.
[2023.04.18-20.54.20:000][  0]LogAIModule: Creating AISystem for world Main
[2023.04.18-20.54.20:054][  0]LogEditorServer: Finished looking for orphan Actors (0.000 secs)
[2023.04.18-20.54.20:226][  0]LogUObjectHash: Compacting FUObjectHashTables data took   1.27ms
[2023.04.18-20.54.20:227][  0]Cmd: MAP CHECKDEP NOCLEARLOG
[2023.04.18-20.54.20:227][  0]MapCheck: Map check complete: 0 Error(s), 0 Warning(s), took 0.12ms to complete.
[2023.04.18-20.54.20:227][  0]LogFileHelpers: Loading map 'Main' took 0.782
[2023.04.18-20.54.20:229][  0]LogUnrealEdMisc: Total Editor Startup Time, took 8.709
[2023.04.18-20.54.20:727][  0]LogSlate: Only BGRA pngs, bmps or icos are supported in by External Image Picker
[2023.04.18-20.54.20:859][  0]LogSlate: Updating window title bar state: overlay mode, drag disabled, window buttons hidden, title bar hidden
[2023.04.18-20.54.20:867][  0]LogSlate: Updating window title bar state: overlay mode, drag disabled, window buttons hidden, title bar hidden
[2023.04.18-20.54.20:874][  0]LogSlate: Updating window title bar state: overlay mode, drag disabled, window buttons hidden, title bar hidden
[2023.04.18-20.54.20:882][  0]LogSlate: Updating window title bar state: overlay mode, drag disabled, window buttons hidden, title bar hidden
[2023.04.18-20.54.20:915][  0]LogNativeClassHierarchy: Verbose: Native class hierarchy populated in 0.0109 seconds. Added 3834 classes and 949 folders.
[2023.04.18-20.54.20:938][  0]LogNativeClassHierarchy: Verbose: Native class hierarchy updated for 'WidgetCarousel' in 0.0003 seconds. Added 0 classes and 0 folders.
[2023.04.18-20.54.20:940][  0]LogPakFile: PakFile PrimaryIndexSize=187
[2023.04.18-20.54.20:940][  0]LogPakFile: PakFile PathHashIndexSize=101
[2023.04.18-20.54.20:940][  0]LogPakFile: PakFile FullDirectoryIndexSize=148
[2023.04.18-20.54.20:940][  0]LogShaderLibrary: Display: ShaderCodeLibraryPakFileMountedCallback: PakFile 'E:/UE_4.27/FeaturePacks/FP_FirstPerson.upack' (chunk index -1, root 'root:/') mounted
[2023.04.18-20.54.20:940][  0]LogShaderLibrary: Display: ShaderCodeLibraryPakFileMountedCallback: pending pak file info (ChunkID:-1 Root:root:/ File:E:/UE_4.27/FeaturePacks/FP_FirstPerson.upack)
[2023.04.18-20.54.20:940][  0]LogPakFile: OnPakFileMounted2Time == 0.000065
[2023.04.18-20.54.20:941][  0]LogPakFile: PakFile PrimaryIndexSize=189
[2023.04.18-20.54.20:941][  0]LogPakFile: PakFile PathHashIndexSize=101
[2023.04.18-20.54.20:941][  0]LogPakFile: PakFile FullDirectoryIndexSize=152
[2023.04.18-20.54.20:941][  0]LogShaderLibrary: Display: ShaderCodeLibraryPakFileMountedCallback: PakFile 'E:/UE_4.27/FeaturePacks/FP_FirstPersonBP.upack' (chunk index -1, root 'root:/') mounted
[2023.04.18-20.54.20:941][  0]LogShaderLibrary: Display: ShaderCodeLibraryPakFileMountedCallback: pending pak file info (ChunkID:-1 Root:root:/ File:E:/UE_4.27/FeaturePacks/FP_FirstPersonBP.upack)
[2023.04.18-20.54.20:941][  0]LogPakFile: OnPakFileMounted2Time == 0.000041
[2023.04.18-20.54.20:941][  0]LogPakFile: PakFile PrimaryIndexSize=191
[2023.04.18-20.54.20:941][  0]LogPakFile: PakFile PathHashIndexSize=101
[2023.04.18-20.54.20:941][  0]LogPakFile: PakFile FullDirectoryIndexSize=160
[2023.04.18-20.54.20:941][  0]LogShaderLibrary: Display: ShaderCodeLibraryPakFileMountedCallback: PakFile 'E:/UE_4.27/FeaturePacks/MobileStarterContent.upack' (chunk index -1, root 'root:/') mounted
[2023.04.18-20.54.20:941][  0]LogShaderLibrary: Display: ShaderCodeLibraryPakFileMountedCallback: pending pak file info (ChunkID:-1 Root:root:/ File:E:/UE_4.27/FeaturePacks/MobileStarterContent.upack)
[2023.04.18-20.54.20:941][  0]LogPakFile: OnPakFileMounted2Time == 0.000036
[2023.04.18-20.54.20:942][  0]LogPakFile: PakFile PrimaryIndexSize=185
[2023.04.18-20.54.20:942][  0]LogPakFile: PakFile PathHashIndexSize=101
[2023.04.18-20.54.20:942][  0]LogPakFile: PakFile FullDirectoryIndexSize=148
[2023.04.18-20.54.20:942][  0]LogShaderLibrary: Display: ShaderCodeLibraryPakFileMountedCallback: PakFile 'E:/UE_4.27/FeaturePacks/StarterContent.upack' (chunk index -1, root 'root:/') mounted
[2023.04.18-20.54.20:942][  0]LogShaderLibrary: Display: ShaderCodeLibraryPakFileMountedCallback: pending pak file info (ChunkID:-1 Root:root:/ File:E:/UE_4.27/FeaturePacks/StarterContent.upack)
[2023.04.18-20.54.20:942][  0]LogPakFile: OnPakFileMounted2Time == 0.000038
[2023.04.18-20.54.20:943][  0]LogPakFile: PakFile PrimaryIndexSize=190
[2023.04.18-20.54.20:943][  0]LogPakFile: PakFile PathHashIndexSize=101
[2023.04.18-20.54.20:943][  0]LogPakFile: PakFile FullDirectoryIndexSize=154
[2023.04.18-20.54.20:943][  0]LogShaderLibrary: Display: ShaderCodeLibraryPakFileMountedCallback: PakFile 'E:/UE_4.27/FeaturePacks/TP_2DSideScroller.upack' (chunk index -1, root 'root:/') mounted
[2023.04.18-20.54.20:943][  0]LogShaderLibrary: Display: ShaderCodeLibraryPakFileMountedCallback: pending pak file info (ChunkID:-1 Root:root:/ File:E:/UE_4.27/FeaturePacks/TP_2DSideScroller.upack)
[2023.04.18-20.54.20:943][  0]LogPakFile: OnPakFileMounted2Time == 0.000039
[2023.04.18-20.54.20:943][  0]LogPakFile: PakFile PrimaryIndexSize=192
[2023.04.18-20.54.20:943][  0]LogPakFile: PakFile PathHashIndexSize=101
[2023.04.18-20.54.20:943][  0]LogPakFile: PakFile FullDirectoryIndexSize=158
[2023.04.18-20.54.20:943][  0]LogShaderLibrary: Display: ShaderCodeLibraryPakFileMountedCallback: PakFile 'E:/UE_4.27/FeaturePacks/TP_2DSideScrollerBP.upack' (chunk index -1, root 'root:/') mounted
[2023.04.18-20.54.20:943][  0]LogShaderLibrary: Display: ShaderCodeLibraryPakFileMountedCallback: pending pak file info (ChunkID:-1 Root:root:/ File:E:/UE_4.27/FeaturePacks/TP_2DSideScrollerBP.upack)
[2023.04.18-20.54.20:944][  0]LogPakFile: OnPakFileMounted2Time == 0.000037
[2023.04.18-20.54.20:944][  0]LogPakFile: PakFile PrimaryIndexSize=182
[2023.04.18-20.54.20:944][  0]LogPakFile: PakFile PathHashIndexSize=101
[2023.04.18-20.54.20:944][  0]LogPakFile: PakFile FullDirectoryIndexSize=138
[2023.04.18-20.54.20:944][  0]LogShaderLibrary: Display: ShaderCodeLibraryPakFileMountedCallback: PakFile 'E:/UE_4.27/FeaturePacks/TP_Flying.upack' (chunk index -1, root 'root:/') mounted
[2023.04.18-20.54.20:944][  0]LogShaderLibrary: Display: ShaderCodeLibraryPakFileMountedCallback: pending pak file info (ChunkID:-1 Root:root:/ File:E:/UE_4.27/FeaturePacks/TP_Flying.upack)
[2023.04.18-20.54.20:944][  0]LogPakFile: OnPakFileMounted2Time == 0.000034
[2023.04.18-20.54.20:945][  0]LogPakFile: PakFile PrimaryIndexSize=184
[2023.04.18-20.54.20:945][  0]LogPakFile: PakFile PathHashIndexSize=101
[2023.04.18-20.54.20:945][  0]LogPakFile: PakFile FullDirectoryIndexSize=142
[2023.04.18-20.54.20:945][  0]LogShaderLibrary: Display: ShaderCodeLibraryPakFileMountedCallback: PakFile 'E:/UE_4.27/FeaturePacks/TP_FlyingBP.upack' (chunk index -1, root 'root:/') mounted
[2023.04.18-20.54.20:945][  0]LogShaderLibrary: Display: ShaderCodeLibraryPakFileMountedCallback: pending pak file info (ChunkID:-1 Root:root:/ File:E:/UE_4.27/FeaturePacks/TP_FlyingBP.upack)
[2023.04.18-20.54.20:945][  0]LogPakFile: OnPakFileMounted2Time == 0.000034
[2023.04.18-20.54.20:945][  0]LogPakFile: PakFile PrimaryIndexSize=188
[2023.04.18-20.54.20:945][  0]LogPakFile: PakFile PathHashIndexSize=101
[2023.04.18-20.54.20:945][  0]LogPakFile: PakFile FullDirectoryIndexSize=150
[2023.04.18-20.54.20:945][  0]LogShaderLibrary: Display: ShaderCodeLibraryPakFileMountedCallback: PakFile 'E:/UE_4.27/FeaturePacks/TP_HandheldARBP.upack' (chunk index -1, root 'root:/') mounted
[2023.04.18-20.54.20:945][  0]LogShaderLibrary: Display: ShaderCodeLibraryPakFileMountedCallback: pending pak file info (ChunkID:-1 Root:root:/ File:E:/UE_4.27/FeaturePacks/TP_HandheldARBP.upack)
[2023.04.18-20.54.20:945][  0]LogPakFile: OnPakFileMounted2Time == 0.000037
[2023.04.18-20.54.20:946][  0]LogPakFile: PakFile PrimaryIndexSize=182
[2023.04.18-20.54.20:946][  0]LogPakFile: PakFile PathHashIndexSize=101
[2023.04.18-20.54.20:946][  0]LogPakFile: PakFile FullDirectoryIndexSize=138
[2023.04.18-20.54.20:946][  0]LogShaderLibrary: Display: ShaderCodeLibraryPakFileMountedCallback: PakFile 'E:/UE_4.27/FeaturePacks/TP_Puzzle.upack' (chunk index -1, root 'root:/') mounted
[2023.04.18-20.54.20:946][  0]LogShaderLibrary: Display: ShaderCodeLibraryPakFileMountedCallback: pending pak file info (ChunkID:-1 Root:root:/ File:E:/UE_4.27/FeaturePacks/TP_Puzzle.upack)
[2023.04.18-20.54.20:946][  0]LogPakFile: OnPakFileMounted2Time == 0.000038
[2023.04.18-20.54.20:947][  0]LogPakFile: PakFile PrimaryIndexSize=184
[2023.04.18-20.54.20:947][  0]LogPakFile: PakFile PathHashIndexSize=101
[2023.04.18-20.54.20:947][  0]LogPakFile: PakFile FullDirectoryIndexSize=142
[2023.04.18-20.54.20:947][  0]LogShaderLibrary: Display: ShaderCodeLibraryPakFileMountedCallback: PakFile 'E:/UE_4.27/FeaturePacks/TP_PuzzleBP.upack' (chunk index -1, root 'root:/') mounted
[2023.04.18-20.54.20:947][  0]LogShaderLibrary: Display: ShaderCodeLibraryPakFileMountedCallback: pending pak file info (ChunkID:-1 Root:root:/ File:E:/UE_4.27/FeaturePacks/TP_PuzzleBP.upack)
[2023.04.18-20.54.20:947][  0]LogPakFile: OnPakFileMounted2Time == 0.000042
[2023.04.18-20.54.20:948][  0]LogPakFile: PakFile PrimaryIndexSize=183
[2023.04.18-20.54.20:948][  0]LogPakFile: PakFile PathHashIndexSize=101
[2023.04.18-20.54.20:948][  0]LogPakFile: PakFile FullDirectoryIndexSize=140
[2023.04.18-20.54.20:948][  0]LogShaderLibrary: Display: ShaderCodeLibraryPakFileMountedCallback: PakFile 'E:/UE_4.27/FeaturePacks/TP_Rolling.upack' (chunk index -1, root 'root:/') mounted
[2023.04.18-20.54.20:948][  0]LogShaderLibrary: Display: ShaderCodeLibraryPakFileMountedCallback: pending pak file info (ChunkID:-1 Root:root:/ File:E:/UE_4.27/FeaturePacks/TP_Rolling.upack)
[2023.04.18-20.54.20:948][  0]LogPakFile: OnPakFileMounted2Time == 0.000034
[2023.04.18-20.54.20:948][  0]LogPakFile: PakFile PrimaryIndexSize=185
[2023.04.18-20.54.20:948][  0]LogPakFile: PakFile PathHashIndexSize=101
[2023.04.18-20.54.20:948][  0]LogPakFile: PakFile FullDirectoryIndexSize=144
[2023.04.18-20.54.20:948][  0]LogShaderLibrary: Display: ShaderCodeLibraryPakFileMountedCallback: PakFile 'E:/UE_4.27/FeaturePacks/TP_RollingBP.upack' (chunk index -1, root 'root:/') mounted
[2023.04.18-20.54.20:948][  0]LogShaderLibrary: Display: ShaderCodeLibraryPakFileMountedCallback: pending pak file info (ChunkID:-1 Root:root:/ File:E:/UE_4.27/FeaturePacks/TP_RollingBP.upack)
[2023.04.18-20.54.20:948][  0]LogPakFile: OnPakFileMounted2Time == 0.000034
[2023.04.18-20.54.20:949][  0]LogPakFile: PakFile PrimaryIndexSize=188
[2023.04.18-20.54.20:949][  0]LogPakFile: PakFile PathHashIndexSize=101
[2023.04.18-20.54.20:949][  0]LogPakFile: PakFile FullDirectoryIndexSize=150
[2023.04.18-20.54.20:949][  0]LogShaderLibrary: Display: ShaderCodeLibraryPakFileMountedCallback: PakFile 'E:/UE_4.27/FeaturePacks/TP_SideScroller.upack' (chunk index -1, root 'root:/') mounted
[2023.04.18-20.54.20:949][  0]LogShaderLibrary: Display: ShaderCodeLibraryPakFileMountedCallback: pending pak file info (ChunkID:-1 Root:root:/ File:E:/UE_4.27/FeaturePacks/TP_SideScroller.upack)
[2023.04.18-20.54.20:949][  0]LogPakFile: OnPakFileMounted2Time == 0.000034
[2023.04.18-20.54.20:950][  0]LogPakFile: PakFile PrimaryIndexSize=190
[2023.04.18-20.54.20:950][  0]LogPakFile: PakFile PathHashIndexSize=101
[2023.04.18-20.54.20:950][  0]LogPakFile: PakFile FullDirectoryIndexSize=154
[2023.04.18-20.54.20:950][  0]LogShaderLibrary: Display: ShaderCodeLibraryPakFileMountedCallback: PakFile 'E:/UE_4.27/FeaturePacks/TP_SideScrollerBP.upack' (chunk index -1, root 'root:/') mounted
[2023.04.18-20.54.20:950][  0]LogShaderLibrary: Display: ShaderCodeLibraryPakFileMountedCallback: pending pak file info (ChunkID:-1 Root:root:/ File:E:/UE_4.27/FeaturePacks/TP_SideScrollerBP.upack)
[2023.04.18-20.54.20:950][  0]LogPakFile: OnPakFileMounted2Time == 0.000034
[2023.04.18-20.54.20:950][  0]LogPakFile: PakFile PrimaryIndexSize=187
[2023.04.18-20.54.20:950][  0]LogPakFile: PakFile PathHashIndexSize=101
[2023.04.18-20.54.20:950][  0]LogPakFile: PakFile FullDirectoryIndexSize=148
[2023.04.18-20.54.20:950][  0]LogShaderLibrary: Display: ShaderCodeLibraryPakFileMountedCallback: PakFile 'E:/UE_4.27/FeaturePacks/TP_ThirdPerson.upack' (chunk index -1, root 'root:/') mounted
[2023.04.18-20.54.20:950][  0]LogShaderLibrary: Display: ShaderCodeLibraryPakFileMountedCallback: pending pak file info (ChunkID:-1 Root:root:/ File:E:/UE_4.27/FeaturePacks/TP_ThirdPerson.upack)
[2023.04.18-20.54.20:950][  0]LogPakFile: OnPakFileMounted2Time == 0.000034
[2023.04.18-20.54.20:951][  0]LogPakFile: PakFile PrimaryIndexSize=189
[2023.04.18-20.54.20:951][  0]LogPakFile: PakFile PathHashIndexSize=101
[2023.04.18-20.54.20:951][  0]LogPakFile: PakFile FullDirectoryIndexSize=152
[2023.04.18-20.54.20:951][  0]LogShaderLibrary: Display: ShaderCodeLibraryPakFileMountedCallback: PakFile 'E:/UE_4.27/FeaturePacks/TP_ThirdPersonBP.upack' (chunk index -1, root 'root:/') mounted
[2023.04.18-20.54.20:951][  0]LogShaderLibrary: Display: ShaderCodeLibraryPakFileMountedCallback: pending pak file info (ChunkID:-1 Root:root:/ File:E:/UE_4.27/FeaturePacks/TP_ThirdPersonBP.upack)
[2023.04.18-20.54.20:951][  0]LogPakFile: OnPakFileMounted2Time == 0.000034
[2023.04.18-20.54.20:952][  0]LogPakFile: PakFile PrimaryIndexSize=183
[2023.04.18-20.54.20:952][  0]LogPakFile: PakFile PathHashIndexSize=101
[2023.04.18-20.54.20:952][  0]LogPakFile: PakFile FullDirectoryIndexSize=140
[2023.04.18-20.54.20:952][  0]LogShaderLibrary: Display: ShaderCodeLibraryPakFileMountedCallback: PakFile 'E:/UE_4.27/FeaturePacks/TP_TopDown.upack' (chunk index -1, root 'root:/') mounted
[2023.04.18-20.54.20:952][  0]LogShaderLibrary: Display: ShaderCodeLibraryPakFileMountedCallback: pending pak file info (ChunkID:-1 Root:root:/ File:E:/UE_4.27/FeaturePacks/TP_TopDown.upack)
[2023.04.18-20.54.20:952][  0]LogPakFile: OnPakFileMounted2Time == 0.000049
[2023.04.18-20.54.20:952][  0]LogPakFile: PakFile PrimaryIndexSize=185
[2023.04.18-20.54.20:952][  0]LogPakFile: PakFile PathHashIndexSize=101
[2023.04.18-20.54.20:952][  0]LogPakFile: PakFile FullDirectoryIndexSize=144
[2023.04.18-20.54.20:952][  0]LogShaderLibrary: Display: ShaderCodeLibraryPakFileMountedCallback: PakFile 'E:/UE_4.27/FeaturePacks/TP_TopDownBP.upack' (chunk index -1, root 'root:/') mounted
[2023.04.18-20.54.20:952][  0]LogShaderLibrary: Display: ShaderCodeLibraryPakFileMountedCallback: pending pak file info (ChunkID:-1 Root:root:/ File:E:/UE_4.27/FeaturePacks/TP_TopDownBP.upack)
[2023.04.18-20.54.20:952][  0]LogPakFile: OnPakFileMounted2Time == 0.000034
[2023.04.18-20.54.20:953][  0]LogPakFile: PakFile PrimaryIndexSize=185
[2023.04.18-20.54.20:953][  0]LogPakFile: PakFile PathHashIndexSize=101
[2023.04.18-20.54.20:953][  0]LogPakFile: PakFile FullDirectoryIndexSize=144
[2023.04.18-20.54.20:953][  0]LogShaderLibrary: Display: ShaderCodeLibraryPakFileMountedCallback: PakFile 'E:/UE_4.27/FeaturePacks/TP_TwinStick.upack' (chunk index -1, root 'root:/') mounted
[2023.04.18-20.54.20:953][  0]LogShaderLibrary: Display: ShaderCodeLibraryPakFileMountedCallback: pending pak file info (ChunkID:-1 Root:root:/ File:E:/UE_4.27/FeaturePacks/TP_TwinStick.upack)
[2023.04.18-20.54.20:953][  0]LogPakFile: OnPakFileMounted2Time == 0.000034
[2023.04.18-20.54.20:954][  0]LogPakFile: PakFile PrimaryIndexSize=187
[2023.04.18-20.54.20:954][  0]LogPakFile: PakFile PathHashIndexSize=101
[2023.04.18-20.54.20:954][  0]LogPakFile: PakFile FullDirectoryIndexSize=148
[2023.04.18-20.54.20:954][  0]LogShaderLibrary: Display: ShaderCodeLibraryPakFileMountedCallback: PakFile 'E:/UE_4.27/FeaturePacks/TP_TwinStickBP.upack' (chunk index -1, root 'root:/') mounted
[2023.04.18-20.54.20:954][  0]LogShaderLibrary: Display: ShaderCodeLibraryPakFileMountedCallback: pending pak file info (ChunkID:-1 Root:root:/ File:E:/UE_4.27/FeaturePacks/TP_TwinStickBP.upack)
[2023.04.18-20.54.20:954][  0]LogPakFile: OnPakFileMounted2Time == 0.000034
[2023.04.18-20.54.20:954][  0]LogPakFile: PakFile PrimaryIndexSize=183
[2023.04.18-20.54.20:954][  0]LogPakFile: PakFile PathHashIndexSize=101
[2023.04.18-20.54.20:954][  0]LogPakFile: PakFile FullDirectoryIndexSize=140
[2023.04.18-20.54.20:954][  0]LogShaderLibrary: Display: ShaderCodeLibraryPakFileMountedCallback: PakFile 'E:/UE_4.27/FeaturePacks/TP_Vehicle.upack' (chunk index -1, root 'root:/') mounted
[2023.04.18-20.54.20:954][  0]LogShaderLibrary: Display: ShaderCodeLibraryPakFileMountedCallback: pending pak file info (ChunkID:-1 Root:root:/ File:E:/UE_4.27/FeaturePacks/TP_Vehicle.upack)
[2023.04.18-20.54.20:954][  0]LogPakFile: OnPakFileMounted2Time == 0.000033
[2023.04.18-20.54.20:955][  0]LogPakFile: PakFile PrimaryIndexSize=186
[2023.04.18-20.54.20:955][  0]LogPakFile: PakFile PathHashIndexSize=101
[2023.04.18-20.54.20:955][  0]LogPakFile: PakFile FullDirectoryIndexSize=146
[2023.04.18-20.54.20:955][  0]LogShaderLibrary: Display: ShaderCodeLibraryPakFileMountedCallback: PakFile 'E:/UE_4.27/FeaturePacks/TP_VehicleAdv.upack' (chunk index -1, root 'root:/') mounted
[2023.04.18-20.54.20:955][  0]LogShaderLibrary: Display: ShaderCodeLibraryPakFileMountedCallback: pending pak file info (ChunkID:-1 Root:root:/ File:E:/UE_4.27/FeaturePacks/TP_VehicleAdv.upack)
[2023.04.18-20.54.20:955][  0]LogPakFile: OnPakFileMounted2Time == 0.000034
[2023.04.18-20.54.20:956][  0]LogPakFile: PakFile PrimaryIndexSize=188
[2023.04.18-20.54.20:956][  0]LogPakFile: PakFile PathHashIndexSize=101
[2023.04.18-20.54.20:956][  0]LogPakFile: PakFile FullDirectoryIndexSize=150
[2023.04.18-20.54.20:956][  0]LogShaderLibrary: Display: ShaderCodeLibraryPakFileMountedCallback: PakFile 'E:/UE_4.27/FeaturePacks/TP_VehicleAdvBP.upack' (chunk index -1, root 'root:/') mounted
[2023.04.18-20.54.20:956][  0]LogShaderLibrary: Display: ShaderCodeLibraryPakFileMountedCallback: pending pak file info (ChunkID:-1 Root:root:/ File:E:/UE_4.27/FeaturePacks/TP_VehicleAdvBP.upack)
[2023.04.18-20.54.20:956][  0]LogPakFile: OnPakFileMounted2Time == 0.000037
[2023.04.18-20.54.20:956][  0]LogPakFile: PakFile PrimaryIndexSize=185
[2023.04.18-20.54.20:956][  0]LogPakFile: PakFile PathHashIndexSize=101
[2023.04.18-20.54.20:956][  0]LogPakFile: PakFile FullDirectoryIndexSize=144
[2023.04.18-20.54.20:956][  0]LogShaderLibrary: Display: ShaderCodeLibraryPakFileMountedCallback: PakFile 'E:/UE_4.27/FeaturePacks/TP_VehicleBP.upack' (chunk index -1, root 'root:/') mounted
[2023.04.18-20.54.20:956][  0]LogShaderLibrary: Display: ShaderCodeLibraryPakFileMountedCallback: pending pak file info (ChunkID:-1 Root:root:/ File:E:/UE_4.27/FeaturePacks/TP_VehicleBP.upack)
[2023.04.18-20.54.20:956][  0]LogPakFile: OnPakFileMounted2Time == 0.000038
[2023.04.18-20.54.20:957][  0]LogPakFile: PakFile PrimaryIndexSize=192
[2023.04.18-20.54.20:957][  0]LogPakFile: PakFile PathHashIndexSize=101
[2023.04.18-20.54.20:957][  0]LogPakFile: PakFile FullDirectoryIndexSize=158
[2023.04.18-20.54.20:957][  0]LogShaderLibrary: Display: ShaderCodeLibraryPakFileMountedCallback: PakFile 'E:/UE_4.27/FeaturePacks/TP_VirtualRealityBP.upack' (chunk index -1, root 'root:/') mounted
[2023.04.18-20.54.20:957][  0]LogShaderLibrary: Display: ShaderCodeLibraryPakFileMountedCallback: pending pak file info (ChunkID:-1 Root:root:/ File:E:/UE_4.27/FeaturePacks/TP_VirtualRealityBP.upack)
[2023.04.18-20.54.20:957][  0]LogPakFile: OnPakFileMounted2Time == 0.000034
[2023.04.18-20.54.21:060][  0]LogNativeClassHierarchy: Verbose: Native class hierarchy updated for 'AddContentDialog' in 0.0003 seconds. Added 0 classes and 0 folders.
[2023.04.18-20.54.21:062][  0]LogNativeClassHierarchy: Verbose: Native class hierarchy updated for 'SceneOutliner' in 0.0003 seconds. Added 2 classes and 0 folders.
[2023.04.18-20.54.21:132][  0]LogSlate: Took 0.000205 seconds to synchronously load lazily loaded font '../../../Engine/Content/Slate/Fonts/Roboto-Regular.ttf' (155K)
[2023.04.18-20.54.21:134][  0]LogSlate: Took 0.000240 seconds to synchronously load lazily loaded font '../../../Engine/Content/Editor/Slate/Fonts/FontAwesome.ttf' (139K)
[2023.04.18-20.54.21:135][  0]LogSlate: Took 0.000159 seconds to synchronously load lazily loaded font '../../../Engine/Content/Slate/Fonts/Roboto-Bold.ttf' (160K)
[2023.04.18-20.54.21:252][  0]LogRenderer: Reallocating scene render targets to support 804x340 Format 10 NumSamples 1 (Frame:1).
[2023.04.18-20.54.22:146][  0]LogSlate: Took 0.000223 seconds to synchronously load lazily loaded font '../../../Engine/Content/Slate/Fonts/Roboto-Light.ttf' (167K)
[2023.04.18-20.54.22:219][  0]LogNativeClassHierarchy: Verbose: Native class hierarchy updated for 'HierarchicalLODOutliner' in 0.0004 seconds. Added 0 classes and 0 folders.
[2023.04.18-20.54.22:219][  0]LogLoad: (Engine Initialization) Total time: 10.70 seconds
[2023.04.18-20.54.22:219][  0]LogLoad: (Engine Initialization) Total Blueprint compile time: 0.00 seconds
[2023.04.18-20.54.22:820][  0]LogContentStreaming: Texture pool size now 1000 MB
[2023.04.18-20.54.22:854][  1]LogAssetRegistry: Asset discovery search completed in 7.6129 seconds
[2023.04.18-20.54.22:860][  1]LogCollectionManager: Fixed up redirectors for 0 collections in 0.000003 seconds (updated 0 objects)
[2023.04.18-20.54.23:300][ 15]LogSlate: Took 0.000278 seconds to synchronously load lazily loaded font '../../../Engine/Content/Slate/Fonts/Roboto-Light.ttf' (167K)
[2023.04.18-20.54.34:995][564]LogEditorViewport: Clicking on Actor (LMB): PaperFlipbookActor (Waterfall)
[2023.04.18-20.54.45:107][994]LogEditorViewport: Clicking on Actor (LMB): PaperFlipbookActor (Layer1)
[2023.04.18-20.55.14:063][255]LogEditorViewport: Clicking on Actor (LMB): PaperFlipbookActor (Layer59)
[2023.04.18-20.55.15:368][311]LogEditorViewport: Clicking on Actor (LMB): PaperFlipbookActor (Layer60)
